  [1m[35m (1.6ms)[0m  [1m[34mSELECT sqlite_version(*)[0m
  [1m[35m (7.5ms)[0m  [1m[35mCREATE TABLE "schema_migrations" ("version" varchar NOT NULL PRIMARY KEY)[0m
  [1m[35m (10.5ms)[0m  [1m[35mCREATE TABLE "ar_internal_metadata" ("key" varchar NOT NULL PRIMARY KEY, "value" varchar, "created_at" datetime(6) NOT NULL, "updated_at" datetime(6) NOT NULL)[0m
  [1m[35m (0.2ms)[0m  [1m[34mSELECT "schema_migrations"."version" FROM "schema_migrations" ORDER BY "schema_migrations"."version" ASC[0m
Migrating to CreateProducts (20211115093023)
  [1m[36mTRANSACTION (0.1ms)[0m  [1m[36mbegin transaction[0m
  [1m[35m (0.4ms)[0m  [1m[35mCREATE TABLE "products" ("id" integer PRIMARY KEY AUTOINCREMENT NOT NULL, "sku" varchar, "title" varchar, "price" integer, "quantity" integer, "created_at" datetime(6) NOT NULL, "updated_at" datetime(6) NOT NULL)[0m
  [1m[36mActiveRecord::SchemaMigration Create (0.2ms)[0m  [1m[32mINSERT INTO "schema_migrations" ("version") VALUES (?)[0m  [["version", "20211115093023"]]
  [1m[36mTRANSACTION (7.6ms)[0m  [1m[36mcommit transaction[0m
Migrating to CreateActiveStorageTables (20211115093038)
  [1m[36mTRANSACTION (0.1ms)[0m  [1m[36mbegin transaction[0m
  [1m[35m (0.5ms)[0m  [1m[35mCREATE TABLE "active_storage_blobs" ("id" integer PRIMARY KEY AUTOINCREMENT NOT NULL, "key" varchar NOT NULL, "filename" varchar NOT NULL, "content_type" varchar, "metadata" text, "service_name" varchar NOT NULL, "byte_size" bigint NOT NULL, "checksum" varchar NOT NULL, "created_at" datetime NOT NULL)[0m
  [1m[35m (0.2ms)[0m  [1m[35mCREATE UNIQUE INDEX "index_active_storage_blobs_on_key" ON "active_storage_blobs" ("key")[0m
  [1m[35m (0.3ms)[0m  [1m[35mCREATE TABLE "active_storage_attachments" ("id" integer PRIMARY KEY AUTOINCREMENT NOT NULL, "name" varchar NOT NULL, "record_type" varchar NOT NULL, "record_id" integer NOT NULL, "blob_id" integer NOT NULL, "created_at" datetime NOT NULL, CONSTRAINT "fk_rails_c3b3935057"
FOREIGN KEY ("blob_id")
  REFERENCES "active_storage_blobs" ("id")
)[0m
  [1m[35m (0.2ms)[0m  [1m[35mCREATE INDEX "index_active_storage_attachments_on_blob_id" ON "active_storage_attachments" ("blob_id")[0m
  [1m[35m (0.1ms)[0m  [1m[35mCREATE UNIQUE INDEX "index_active_storage_attachments_uniqueness" ON "active_storage_attachments" ("record_type", "record_id", "name", "blob_id")[0m
  [1m[35m (0.2ms)[0m  [1m[35mCREATE TABLE "active_storage_variant_records" ("id" integer PRIMARY KEY AUTOINCREMENT NOT NULL, "blob_id" integer NOT NULL, "variation_digest" varchar NOT NULL, CONSTRAINT "fk_rails_993965df05"
FOREIGN KEY ("blob_id")
  REFERENCES "active_storage_blobs" ("id")
)[0m
  [1m[35m (0.2ms)[0m  [1m[35mCREATE UNIQUE INDEX "index_active_storage_variant_records_uniqueness" ON "active_storage_variant_records" ("blob_id", "variation_digest")[0m
  [1m[36mActiveRecord::SchemaMigration Create (0.3ms)[0m  [1m[32mINSERT INTO "schema_migrations" ("version") VALUES (?)[0m  [["version", "20211115093038"]]
  [1m[36mTRANSACTION (7.4ms)[0m  [1m[36mcommit transaction[0m
  [1m[36mActiveRecord::InternalMetadata Load (0.2ms)[0m  [1m[34mSELECT "ar_internal_metadata".* FROM "ar_internal_metadata" WHERE "ar_internal_metadata"."key" = ? LIMIT ?[0m  [["key", "environment"], ["LIMIT", 1]]
  [1m[36mTRANSACTION (0.1ms)[0m  [1m[36mbegin transaction[0m
  [1m[36mActiveRecord::InternalMetadata Create (0.3ms)[0m  [1m[32mINSERT INTO "ar_internal_metadata" ("key", "value", "created_at", "updated_at") VALUES (?, ?, ?, ?)[0m  [["key", "environment"], ["value", "development"], ["created_at", "2021-11-15 09:31:01.918237"], ["updated_at", "2021-11-15 09:31:01.918237"]]
  [1m[36mTRANSACTION (7.7ms)[0m  [1m[36mcommit transaction[0m
  [1m[35m (0.1ms)[0m  [1m[34mSELECT sqlite_version(*)[0m
  [1m[35m (0.1ms)[0m  [1m[34mSELECT "schema_migrations"."version" FROM "schema_migrations" ORDER BY "schema_migrations"."version" ASC[0m
Started GET "/" for 127.0.0.1 at 2021-11-15 16:34:16 +0700
  [1m[35m (0.6ms)[0m  [1m[34mSELECT sqlite_version(*)[0m
  [1m[35m (0.3ms)[0m  [1m[34mSELECT "schema_migrations"."version" FROM "schema_migrations" ORDER BY "schema_migrations"."version" ASC[0m
Processing by HomeController#index as HTML
  Rendering layout layouts/application.html.erb
  Rendering home/index.html.erb within layouts/application
  Rendered home/index.html.erb within layouts/application (Duration: 2.0ms | Allocations: 450)
[Webpacker] Compiling...
[Webpacker] Compiled all packs in /home/thiendoan/Documents/bestarion/app/public/packs
[Webpacker] Hash: e2a8a876c5815bee1e21
Version: webpack 4.46.0
Time: 2200ms
Built at: 11/15/2021 4:34:22 PM
                                     Asset       Size       Chunks                         Chunk Names
    js/application-e421b4aa3f716bebdab1.js    125 KiB  application  [emitted] [immutable]  application
js/application-e421b4aa3f716bebdab1.js.map    139 KiB  application  [emitted] [dev]        application
                             manifest.json  364 bytes               [emitted]              
Entrypoint application = js/application-e421b4aa3f716bebdab1.js js/application-e421b4aa3f716bebdab1.js.map
[./app/javascript/channels sync recursive _channel\.js$] ./app/javascript/channels sync _channel\.js$ 160 bytes {application} [built]
[./app/javascript/channels/index.js] 211 bytes {application} [built]
[./app/javascript/packs/application.js] 492 bytes {application} [built]
[./node_modules/webpack/buildin/module.js] (webpack)/buildin/module.js 552 bytes {application} [built]
    + 3 hidden modules

  Rendered home/_header.html.erb (Duration: 1.5ms | Allocations: 640)
  Rendered layout layouts/application.html.erb (Duration: 6292.1ms | Allocations: 18967)
Completed 200 OK in 6313ms (Views: 6298.9ms | ActiveRecord: 0.0ms | Allocations: 26233)


Started GET "/rails/active_storage/blobs/redirect/eyJfcmFpbHMiOnsibWVzc2FnZSI6IkJBaHBDQT09IiwiZXhwIjpudWxsLCJwdXIiOiJibG9iX2lkIn19--b8a548d82bfaaa2b8de7591353f583d09a5c5c3c/ip.jpeg" for 127.0.0.1 at 2021-11-15 16:34:22 +0700
Started GET "/rails/active_storage/blobs/redirect/eyJfcmFpbHMiOnsibWVzc2FnZSI6IkJBaHBCdz09IiwiZXhwIjpudWxsLCJwdXIiOiJibG9iX2lkIn19--02e863ba9c401f276ed99f9847779057faadd704/se.jpeg" for 127.0.0.1 at 2021-11-15 16:34:22 +0700
Started GET "/rails/active_storage/blobs/redirect/eyJfcmFpbHMiOnsibWVzc2FnZSI6IkJBaHBCZz09IiwiZXhwIjpudWxsLCJwdXIiOiJibG9iX2lkIn19--ecafca2ef91e911baba1a19151f2779ce52f310a/download.jpeg" for 127.0.0.1 at 2021-11-15 16:34:22 +0700
Processing by ActiveStorage::Blobs::RedirectController#show as JPEG
Processing by ActiveStorage::Blobs::RedirectController#show as JPEG
Processing by ActiveStorage::Blobs::RedirectController#show as JPEG
  Parameters: {"signed_id"=>"eyJfcmFpbHMiOnsibWVzc2FnZSI6IkJBaHBDQT09IiwiZXhwIjpudWxsLCJwdXIiOiJibG9iX2lkIn19--b8a548d82bfaaa2b8de7591353f583d09a5c5c3c", "filename"=>"ip"}
  Parameters: {"signed_id"=>"eyJfcmFpbHMiOnsibWVzc2FnZSI6IkJBaHBCZz09IiwiZXhwIjpudWxsLCJwdXIiOiJibG9iX2lkIn19--ecafca2ef91e911baba1a19151f2779ce52f310a", "filename"=>"download"}
  Parameters: {"signed_id"=>"eyJfcmFpbHMiOnsibWVzc2FnZSI6IkJBaHBCdz09IiwiZXhwIjpudWxsLCJwdXIiOiJibG9iX2lkIn19--02e863ba9c401f276ed99f9847779057faadd704", "filename"=>"se"}
Filter chain halted as :set_blob rendered or redirected
Filter chain halted as :set_blob rendered or redirected
Filter chain halted as :set_blob rendered or redirected
Completed 404 Not Found in 54ms (ActiveRecord: 0.0ms | Allocations: 14109)


Completed 404 Not Found in 46ms (ActiveRecord: 0.0ms | Allocations: 11110)


Completed 404 Not Found in 51ms (ActiveRecord: 0.0ms | Allocations: 13308)


Started GET "/products/new" for 127.0.0.1 at 2021-11-15 16:34:23 +0700
Processing by ProductsController#new as HTML
  Rendering layout layouts/application.html.erb
  Rendering products/new.html.erb within layouts/application
  Rendered products/_form.html.erb (Duration: 17.5ms | Allocations: 6402)
  Rendered products/new.html.erb within layouts/application (Duration: 18.8ms | Allocations: 6866)
[Webpacker] Everything's up-to-date. Nothing to do
  Rendered home/_header.html.erb (Duration: 0.4ms | Allocations: 222)
  Rendered layout layouts/application.html.erb (Duration: 25.0ms | Allocations: 10290)
Completed 200 OK in 45ms (Views: 27.1ms | ActiveRecord: 0.8ms | Allocations: 17378)


Started GET "/rails/active_storage/blobs/redirect/eyJfcmFpbHMiOnsibWVzc2FnZSI6IkJBaHBDZz09IiwiZXhwIjpudWxsLCJwdXIiOiJibG9iX2lkIn19--41dc2f4c6137e9fe4eaa981734b0f7729e077361/hear.png" for 127.0.0.1 at 2021-11-15 16:34:24 +0700
Started GET "/rails/active_storage/blobs/redirect/eyJfcmFpbHMiOnsibWVzc2FnZSI6IkJBaHBDUT09IiwiZXhwIjpudWxsLCJwdXIiOiJibG9iX2lkIn19--e0113b383bc3b8df813c319c35adc9c8de640bca/shopping.png" for 127.0.0.1 at 2021-11-15 16:34:24 +0700
Started GET "/products" for 127.0.0.1 at 2021-11-15 16:34:24 +0700
Processing by ActiveStorage::Blobs::RedirectController#show as PNG
  Parameters: {"signed_id"=>"eyJfcmFpbHMiOnsibWVzc2FnZSI6IkJBaHBDZz09IiwiZXhwIjpudWxsLCJwdXIiOiJibG9iX2lkIn19--41dc2f4c6137e9fe4eaa981734b0f7729e077361", "filename"=>"hear"}
Processing by ProductsController#index as HTML
Filter chain halted as :set_blob rendered or redirected
Completed 404 Not Found in 4ms (ActiveRecord: 0.0ms | Allocations: 1706)


  [1m[36mProduct Load (0.3ms)[0m  [1m[34mSELECT "products".* FROM "products" /* loading for inspect */ LIMIT ?[0m  [["LIMIT", 11]]
Completed 500 Internal Server Error in 16ms (ActiveRecord: 0.0ms | Allocations: 4123)


Processing by ActiveStorage::Blobs::RedirectController#show as PNG
  Parameters: {"signed_id"=>"eyJfcmFpbHMiOnsibWVzc2FnZSI6IkJBaHBDUT09IiwiZXhwIjpudWxsLCJwdXIiOiJibG9iX2lkIn19--e0113b383bc3b8df813c319c35adc9c8de640bca", "filename"=>"shopping"}
Filter chain halted as :set_blob rendered or redirected
Completed 404 Not Found in 5ms (ActiveRecord: 0.0ms | Allocations: 1689)


  [1m[36mCACHE Product Load (0.0ms)[0m  [1m[34mSELECT "products".* FROM "products" /* loading for inspect */ LIMIT ?[0m  [["LIMIT", 11]]
  
NoMethodError (undefined method `paginate' for #<ActiveRecord::Relation []>):
  
app/controllers/products_controller.rb:6:in `index'
Started GET "/products" for 127.0.0.1 at 2021-11-15 16:34:58 +0700
  [1m[35m (0.9ms)[0m  [1m[34mSELECT sqlite_version(*)[0m
  [1m[35m (0.3ms)[0m  [1m[34mSELECT "schema_migrations"."version" FROM "schema_migrations" ORDER BY "schema_migrations"."version" ASC[0m
Processing by ProductsController#index as HTML
  Rendering layout layouts/application.html.erb
  Rendering products/index.html.erb within layouts/application
  [1m[36mProduct Load (0.3ms)[0m  [1m[34mSELECT "products".* FROM "products" ORDER BY created_at DESC LIMIT ? OFFSET ?[0m  [["LIMIT", 3], ["OFFSET", 0]]
  ↳ app/views/products/index.html.erb:17
  Rendered products/index.html.erb within layouts/application (Duration: 4.2ms | Allocations: 1769)
[Webpacker] Everything's up-to-date. Nothing to do
  Rendered home/_header.html.erb (Duration: 1.5ms | Allocations: 523)
  Rendered layout layouts/application.html.erb (Duration: 19.7ms | Allocations: 8563)
Completed 200 OK in 37ms (Views: 22.9ms | ActiveRecord: 0.3ms | Allocations: 14825)


Started GET "/products/new" for 127.0.0.1 at 2021-11-15 16:35:01 +0700
Processing by ProductsController#new as HTML
  Rendering layout layouts/application.html.erb
  Rendering products/new.html.erb within layouts/application
  Rendered products/_form.html.erb (Duration: 15.9ms | Allocations: 4566)
  Rendered products/new.html.erb within layouts/application (Duration: 17.7ms | Allocations: 5007)
[Webpacker] Everything's up-to-date. Nothing to do
  Rendered home/_header.html.erb (Duration: 0.4ms | Allocations: 207)
  Rendered layout layouts/application.html.erb (Duration: 24.8ms | Allocations: 8332)
Completed 200 OK in 108ms (Views: 25.5ms | ActiveRecord: 0.7ms | Allocations: 13098)


Started GET "/products" for 127.0.0.1 at 2021-11-15 16:35:02 +0700
Processing by ProductsController#index as HTML
  Rendering layout layouts/application.html.erb
  Rendering products/index.html.erb within layouts/application
  [1m[36mProduct Load (0.3ms)[0m  [1m[34mSELECT "products".* FROM "products" ORDER BY created_at DESC LIMIT ? OFFSET ?[0m  [["LIMIT", 3], ["OFFSET", 0]]
  ↳ app/views/products/index.html.erb:17
  Rendered products/index.html.erb within layouts/application (Duration: 4.0ms | Allocations: 923)
[Webpacker] Everything's up-to-date. Nothing to do
  Rendered home/_header.html.erb (Duration: 0.5ms | Allocations: 195)
  Rendered layout layouts/application.html.erb (Duration: 11.2ms | Allocations: 4091)
Completed 200 OK in 13ms (Views: 11.6ms | ActiveRecord: 0.3ms | Allocations: 4765)


Started GET "/products/new" for 127.0.0.1 at 2021-11-15 16:35:04 +0700
Processing by ProductsController#new as HTML
  Rendering layout layouts/application.html.erb
  Rendering products/new.html.erb within layouts/application
  Rendered products/_form.html.erb (Duration: 3.0ms | Allocations: 1249)
  Rendered products/new.html.erb within layouts/application (Duration: 3.5ms | Allocations: 1362)
[Webpacker] Everything's up-to-date. Nothing to do
  Rendered home/_header.html.erb (Duration: 0.6ms | Allocations: 200)
  Rendered layout layouts/application.html.erb (Duration: 12.7ms | Allocations: 4508)
Completed 200 OK in 14ms (Views: 13.5ms | ActiveRecord: 0.0ms | Allocations: 4981)


Started POST "/products" for 127.0.0.1 at 2021-11-15 16:35:20 +0700
Processing by ProductsController#create as HTML
  Parameters: {"authenticity_token"=>"[FILTERED]", "product"=>{"sku"=>"2435467576", "title"=>"iphone se 2020", "price"=>"-1324", "quantity"=>"", "image"=>#<ActionDispatch::Http::UploadedFile:0x00007f0958040a48 @tempfile=#<Tempfile:/tmp/RackMultipart20211115-28511-cxmc4q.jpeg>, @original_filename="se.jpeg", @content_type="image/jpeg", @headers="Content-Disposition: form-data; name=\"product[image]\"; filename=\"se.jpeg\"\r\nContent-Type: image/jpeg\r\n">}, "commit"=>"Create Product"}
  Rendering layout layouts/application.html.erb
  Rendering products/new.html.erb within layouts/application
  Rendered products/_form.html.erb (Duration: 9.0ms | Allocations: 5063)
  Rendered products/new.html.erb within layouts/application (Duration: 9.5ms | Allocations: 5184)
[Webpacker] Everything's up-to-date. Nothing to do
  Rendered home/_header.html.erb (Duration: 0.6ms | Allocations: 195)
  Rendered layout layouts/application.html.erb (Duration: 16.4ms | Allocations: 8410)
Completed 422 Unprocessable Entity in 49ms (Views: 17.5ms | ActiveRecord: 0.8ms | Allocations: 21904)


Started POST "/products" for 127.0.0.1 at 2021-11-15 16:35:35 +0700
Processing by ProductsController#create as HTML
  Parameters: {"authenticity_token"=>"[FILTERED]", "product"=>{"sku"=>"2435467576", "title"=>"iphone se 2020", "price"=>"12000000", "quantity"=>"100", "image"=>#<ActionDispatch::Http::UploadedFile:0x00007f096c0ab488 @tempfile=#<Tempfile:/tmp/RackMultipart20211115-28511-oqacx.jpeg>, @original_filename="se.jpeg", @content_type="image/jpeg", @headers="Content-Disposition: form-data; name=\"product[image]\"; filename=\"se.jpeg\"\r\nContent-Type: image/jpeg\r\n">}, "commit"=>"Create Product"}
  [1m[36mTRANSACTION (0.1ms)[0m  [1m[36mbegin transaction[0m
  ↳ app/controllers/products_controller.rb:27:in `block in create'
  [1m[36mProduct Create (0.4ms)[0m  [1m[32mINSERT INTO "products" ("sku", "title", "price", "quantity", "created_at", "updated_at") VALUES (?, ?, ?, ?, ?, ?)[0m  [["sku", "2435467576"], ["title", "Iphone se 2020"], ["price", 12000000], ["quantity", 100], ["created_at", "2021-11-15 09:35:35.488793"], ["updated_at", "2021-11-15 09:35:35.488793"]]
  ↳ app/controllers/products_controller.rb:27:in `block in create'
  [1m[36mActiveStorage::Blob Load (0.3ms)[0m  [1m[34mSELECT "active_storage_blobs".* FROM "active_storage_blobs" INNER JOIN "active_storage_attachments" ON "active_storage_blobs"."id" = "active_storage_attachments"."blob_id" WHERE "active_storage_attachments"."record_id" = ? AND "active_storage_attachments"."record_type" = ? AND "active_storage_attachments"."name" = ? LIMIT ?[0m  [["record_id", 1], ["record_type", "Product"], ["name", "image"], ["LIMIT", 1]]
  ↳ app/controllers/products_controller.rb:27:in `block in create'
  [1m[36mActiveStorage::Attachment Load (0.2ms)[0m  [1m[34mSELECT "active_storage_attachments".* FROM "active_storage_attachments" WHERE "active_storage_attachments"."record_id" = ? AND "active_storage_attachments"."record_type" = ? AND "active_storage_attachments"."name" = ? LIMIT ?[0m  [["record_id", 1], ["record_type", "Product"], ["name", "image"], ["LIMIT", 1]]
  ↳ app/controllers/products_controller.rb:27:in `block in create'
  [1m[36mActiveStorage::Blob Create (0.3ms)[0m  [1m[32mINSERT INTO "active_storage_blobs" ("key", "filename", "content_type", "metadata", "service_name", "byte_size", "checksum", "created_at") VALUES (?, ?, ?, ?, ?, ?, ?, ?)[0m  [["key", "k44biy0x7mt2sc6o6qsfly3qfek6"], ["filename", "se.jpeg"], ["content_type", "image/jpeg"], ["metadata", "{\"identified\":true}"], ["service_name", "local"], ["byte_size", 6285], ["checksum", "A6CFaWOiwG3p2PnG9c5gfA=="], ["created_at", "2021-11-15 09:35:35.563097"]]
  ↳ app/controllers/products_controller.rb:27:in `block in create'
  [1m[36mActiveStorage::Attachment Create (0.3ms)[0m  [1m[32mINSERT INTO "active_storage_attachments" ("name", "record_type", "record_id", "blob_id", "created_at") VALUES (?, ?, ?, ?, ?)[0m  [["name", "image"], ["record_type", "Product"], ["record_id", 1], ["blob_id", 1], ["created_at", "2021-11-15 09:35:35.567959"]]
  ↳ app/controllers/products_controller.rb:27:in `block in create'
  [1m[36mProduct Update (0.1ms)[0m  [1m[33mUPDATE "products" SET "updated_at" = ? WHERE "products"."id" = ?[0m  [["updated_at", "2021-11-15 09:35:35.572045"], ["id", 1]]
  ↳ app/controllers/products_controller.rb:27:in `block in create'
  [1m[36mTRANSACTION (5.8ms)[0m  [1m[36mcommit transaction[0m
  ↳ app/controllers/products_controller.rb:27:in `block in create'
[36m  Disk Storage (0.5ms) [0m[32mUploaded file to key: k44biy0x7mt2sc6o6qsfly3qfek6 (checksum: A6CFaWOiwG3p2PnG9c5gfA==)[0m
[ActiveJob] Enqueued ActiveStorage::AnalyzeJob (Job ID: 6b625996-3e52-4329-9695-9207ca7507df) to Async(default) with arguments: #<GlobalID:0x00007f096c46dc60 @uri=#<URI::GID gid://app/ActiveStorage::Blob/1>>
Redirected to http://127.0.0.1:3000/products/1
Completed 302 Found in 104ms (ActiveRecord: 8.2ms | Allocations: 30639)


  [1m[35m (0.1ms)[0m  [1m[34mSELECT sqlite_version(*)[0m
  [1m[36mActiveStorage::Blob Load (0.3ms)[0m  [1m[34mSELECT "active_storage_blobs".* FROM "active_storage_blobs" WHERE "active_storage_blobs"."id" = ? LIMIT ?[0m  [["id", 1], ["LIMIT", 1]]
[ActiveJob] [ActiveStorage::AnalyzeJob] [6b625996-3e52-4329-9695-9207ca7507df] Performing ActiveStorage::AnalyzeJob (Job ID: 6b625996-3e52-4329-9695-9207ca7507df) from Async(default) enqueued at 2021-11-15T09:35:35Z with arguments: #<GlobalID:0x00007f0974006048 @uri=#<URI::GID gid://app/ActiveStorage::Blob/1>>
[ActiveJob] [ActiveStorage::AnalyzeJob] [6b625996-3e52-4329-9695-9207ca7507df] [36m  Disk Storage (0.2ms) [0m[34mDownloaded file from key: k44biy0x7mt2sc6o6qsfly3qfek6[0m
[ActiveJob] [ActiveStorage::AnalyzeJob] [6b625996-3e52-4329-9695-9207ca7507df] Skipping image analysis because the mini_magick gem isn't installed
[ActiveJob] [ActiveStorage::AnalyzeJob] [6b625996-3e52-4329-9695-9207ca7507df]   [1m[36mTRANSACTION (0.1ms)[0m  [1m[36mbegin transaction[0m
[ActiveJob] [ActiveStorage::AnalyzeJob] [6b625996-3e52-4329-9695-9207ca7507df]   [1m[36mActiveStorage::Blob Update (0.3ms)[0m  [1m[33mUPDATE "active_storage_blobs" SET "metadata" = ? WHERE "active_storage_blobs"."id" = ?[0m  [["metadata", "{\"identified\":true,\"analyzed\":true}"], ["id", 1]]
[ActiveJob] [ActiveStorage::AnalyzeJob] [6b625996-3e52-4329-9695-9207ca7507df]   [1m[36mTRANSACTION (5.4ms)[0m  [1m[36mcommit transaction[0m
Started GET "/products/1" for 127.0.0.1 at 2021-11-15 16:35:35 +0700
[ActiveJob] [ActiveStorage::AnalyzeJob] [6b625996-3e52-4329-9695-9207ca7507df] Performed ActiveStorage::AnalyzeJob (Job ID: 6b625996-3e52-4329-9695-9207ca7507df) from Async(default) in 18.15ms
Processing by ProductsController#show as HTML
  Parameters: {"id"=>"1"}
  [1m[36mProduct Load (0.3ms)[0m  [1m[34mSELECT "products".* FROM "products" WHERE "products"."id" = ? LIMIT ?[0m  [["id", 1], ["LIMIT", 1]]
  ↳ app/controllers/products_controller.rb:57:in `set_product'
  Rendering layout layouts/application.html.erb
  Rendering products/show.html.erb within layouts/application
  Rendered products/show.html.erb within layouts/application (Duration: 1.8ms | Allocations: 372)
[Webpacker] Everything's up-to-date. Nothing to do
  Rendered home/_header.html.erb (Duration: 0.4ms | Allocations: 204)
  Rendered layout layouts/application.html.erb (Duration: 8.8ms | Allocations: 3663)
Completed 200 OK in 14ms (Views: 9.7ms | ActiveRecord: 0.3ms | Allocations: 5156)


Started GET "/products" for 127.0.0.1 at 2021-11-15 16:35:36 +0700
Processing by ProductsController#index as HTML
  Rendering layout layouts/application.html.erb
  Rendering products/index.html.erb within layouts/application
  [1m[36mProduct Load (0.3ms)[0m  [1m[34mSELECT "products".* FROM "products" ORDER BY created_at DESC LIMIT ? OFFSET ?[0m  [["LIMIT", 3], ["OFFSET", 0]]
  ↳ app/views/products/index.html.erb:17
  [1m[36mActiveStorage::Attachment Load (0.3ms)[0m  [1m[34mSELECT "active_storage_attachments".* FROM "active_storage_attachments" WHERE "active_storage_attachments"."record_id" = ? AND "active_storage_attachments"."record_type" = ? AND "active_storage_attachments"."name" = ? LIMIT ?[0m  [["record_id", 1], ["record_type", "Product"], ["name", "image"], ["LIMIT", 1]]
  ↳ app/views/products/index.html.erb:23
  [1m[36mActiveStorage::Blob Load (0.2ms)[0m  [1m[34mSELECT "active_storage_blobs".* FROM "active_storage_blobs" WHERE "active_storage_blobs"."id" = ? LIMIT ?[0m  [["id", 1], ["LIMIT", 1]]
  ↳ app/views/products/index.html.erb:23
  Rendered products/index.html.erb within layouts/application (Duration: 13.4ms | Allocations: 3497)
[Webpacker] Everything's up-to-date. Nothing to do
  Rendered home/_header.html.erb (Duration: 0.7ms | Allocations: 218)
  Rendered layout layouts/application.html.erb (Duration: 22.9ms | Allocations: 7330)
Completed 200 OK in 25ms (Views: 22.9ms | ActiveRecord: 0.8ms | Allocations: 7919)


Started GET "/rails/active_storage/blobs/redirect/eyJfcmFpbHMiOnsibWVzc2FnZSI6IkJBaHBCZz09IiwiZXhwIjpudWxsLCJwdXIiOiJibG9iX2lkIn19--861aa6990e52c9219900b254988aafe9f36dd782/se.jpeg" for 127.0.0.1 at 2021-11-15 16:35:37 +0700
Processing by ActiveStorage::Blobs::RedirectController#show as JPEG
  Parameters: {"signed_id"=>"eyJfcmFpbHMiOnsibWVzc2FnZSI6IkJBaHBCZz09IiwiZXhwIjpudWxsLCJwdXIiOiJibG9iX2lkIn19--861aa6990e52c9219900b254988aafe9f36dd782", "filename"=>"se"}
  [1m[36mActiveStorage::Blob Load (0.2ms)[0m  [1m[34mSELECT "active_storage_blobs".* FROM "active_storage_blobs" WHERE "active_storage_blobs"."id" = ? LIMIT ?[0m  [["id", 1], ["LIMIT", 1]]
[36m  Disk Storage (1.3ms) [0m[34mGenerated URL for file at key: k44biy0x7mt2sc6o6qsfly3qfek6 (http://127.0.0.1:3000/rails/active_storage/disk/eyJfcmFpbHMiOnsibWVzc2FnZSI6IkJBaDdDVG9JYTJWNVNTSWhhelEwWW1sNU1IZzNiWFF5YzJNMmJ6WnhjMlpzZVROeFptVnJOZ1k2QmtWVU9oQmthWE53YjNOcGRHbHZia2tpT1dsdWJHbHVaVHNnWm1sc1pXNWhiV1U5SW5ObExtcHdaV2NpT3lCbWFXeGxibUZ0WlNvOVZWUkdMVGduSjNObExtcHdaV2NHT3daVU9oRmpiMjUwWlc1MFgzUjVjR1ZKSWc5cGJXRm5aUzlxY0dWbkJqc0dWRG9SYzJWeWRtbGpaVjl1WVcxbE9ncHNiMk5oYkE9PSIsImV4cCI6IjIwMjEtMTEtMTVUMDk6NDA6MzcuMDQ1WiIsInB1ciI6ImJsb2Jfa2V5In19--625b30baa4701455be0ef623054e1ae9f6e96067/se.jpeg)[0m
Redirected to http://127.0.0.1:3000/rails/active_storage/disk/eyJfcmFpbHMiOnsibWVzc2FnZSI6IkJBaDdDVG9JYTJWNVNTSWhhelEwWW1sNU1IZzNiWFF5YzJNMmJ6WnhjMlpzZVROeFptVnJOZ1k2QmtWVU9oQmthWE53YjNOcGRHbHZia2tpT1dsdWJHbHVaVHNnWm1sc1pXNWhiV1U5SW5ObExtcHdaV2NpT3lCbWFXeGxibUZ0WlNvOVZWUkdMVGduSjNObExtcHdaV2NHT3daVU9oRmpiMjUwWlc1MFgzUjVjR1ZKSWc5cGJXRm5aUzlxY0dWbkJqc0dWRG9SYzJWeWRtbGpaVjl1WVcxbE9ncHNiMk5oYkE9PSIsImV4cCI6IjIwMjEtMTEtMTVUMDk6NDA6MzcuMDQ1WiIsInB1ciI6ImJsb2Jfa2V5In19--625b30baa4701455be0ef623054e1ae9f6e96067/se.jpeg
Completed 302 Found in 11ms (ActiveRecord: 0.2ms | Allocations: 4842)


Started GET "/rails/active_storage/disk/eyJfcmFpbHMiOnsibWVzc2FnZSI6IkJBaDdDVG9JYTJWNVNTSWhhelEwWW1sNU1IZzNiWFF5YzJNMmJ6WnhjMlpzZVROeFptVnJOZ1k2QmtWVU9oQmthWE53YjNOcGRHbHZia2tpT1dsdWJHbHVaVHNnWm1sc1pXNWhiV1U5SW5ObExtcHdaV2NpT3lCbWFXeGxibUZ0WlNvOVZWUkdMVGduSjNObExtcHdaV2NHT3daVU9oRmpiMjUwWlc1MFgzUjVjR1ZKSWc5cGJXRm5aUzlxY0dWbkJqc0dWRG9SYzJWeWRtbGpaVjl1WVcxbE9ncHNiMk5oYkE9PSIsImV4cCI6IjIwMjEtMTEtMTVUMDk6NDA6MzcuMDQ1WiIsInB1ciI6ImJsb2Jfa2V5In19--625b30baa4701455be0ef623054e1ae9f6e96067/se.jpeg" for 127.0.0.1 at 2021-11-15 16:35:37 +0700
Processing by ActiveStorage::DiskController#show as JPEG
  Parameters: {"encoded_key"=>"[FILTERED]", "filename"=>"se"}
Completed 200 OK in 1ms (ActiveRecord: 0.0ms | Allocations: 490)


Started GET "/products/new" for 127.0.0.1 at 2021-11-15 16:35:44 +0700
Processing by ProductsController#new as HTML
  Rendering layout layouts/application.html.erb
  Rendering products/new.html.erb within layouts/application
  Rendered products/_form.html.erb (Duration: 3.2ms | Allocations: 1318)
  Rendered products/new.html.erb within layouts/application (Duration: 3.8ms | Allocations: 1439)
[Webpacker] Everything's up-to-date. Nothing to do
  Rendered home/_header.html.erb (Duration: 0.9ms | Allocations: 202)
  Rendered layout layouts/application.html.erb (Duration: 33.2ms | Allocations: 5319)
Completed 200 OK in 35ms (Views: 33.8ms | ActiveRecord: 0.0ms | Allocations: 5848)


Started GET "/rails/active_storage/disk/eyJfcmFpbHMiOnsibWVzc2FnZSI6IkJBaDdDVG9JYTJWNVNTSWhhelEwWW1sNU1IZzNiWFF5YzJNMmJ6WnhjMlpzZVROeFptVnJOZ1k2QmtWVU9oQmthWE53YjNOcGRHbHZia2tpT1dsdWJHbHVaVHNnWm1sc1pXNWhiV1U5SW5ObExtcHdaV2NpT3lCbWFXeGxibUZ0WlNvOVZWUkdMVGduSjNObExtcHdaV2NHT3daVU9oRmpiMjUwWlc1MFgzUjVjR1ZKSWc5cGJXRm5aUzlxY0dWbkJqc0dWRG9SYzJWeWRtbGpaVjl1WVcxbE9ncHNiMk5oYkE9PSIsImV4cCI6IjIwMjEtMTEtMTVUMDk6NDA6MzcuMDQ1WiIsInB1ciI6ImJsb2Jfa2V5In19--625b30baa4701455be0ef623054e1ae9f6e96067/se.jpeg" for 127.0.0.1 at 2021-11-15 16:35:44 +0700
Processing by ActiveStorage::DiskController#show as JPEG
  Parameters: {"encoded_key"=>"[FILTERED]", "filename"=>"se"}
Completed 200 OK in 1ms (ActiveRecord: 0.0ms | Allocations: 325)


Started POST "/products" for 127.0.0.1 at 2021-11-15 16:36:02 +0700
Processing by ProductsController#create as HTML
  Parameters: {"authenticity_token"=>"[FILTERED]", "product"=>{"sku"=>"32354676534", "title"=>"Dareu ek87", "price"=>"500000", "quantity"=>"1000", "image"=>#<ActionDispatch::Http::UploadedFile:0x00005647a59896b0 @tempfile=#<Tempfile:/tmp/RackMultipart20211115-28511-e3kr14.jpeg>, @original_filename="download.jpeg", @content_type="image/jpeg", @headers="Content-Disposition: form-data; name=\"product[image]\"; filename=\"download.jpeg\"\r\nContent-Type: image/jpeg\r\n">}, "commit"=>"Create Product"}
  [1m[36mTRANSACTION (0.1ms)[0m  [1m[36mbegin transaction[0m
  ↳ app/controllers/products_controller.rb:27:in `block in create'
  [1m[36mProduct Create (0.5ms)[0m  [1m[32mINSERT INTO "products" ("sku", "title", "price", "quantity", "created_at", "updated_at") VALUES (?, ?, ?, ?, ?, ?)[0m  [["sku", "32354676534"], ["title", "Dareu ek87"], ["price", 500000], ["quantity", 1000], ["created_at", "2021-11-15 09:36:02.010192"], ["updated_at", "2021-11-15 09:36:02.010192"]]
  ↳ app/controllers/products_controller.rb:27:in `block in create'
  [1m[36mActiveStorage::Blob Load (0.2ms)[0m  [1m[34mSELECT "active_storage_blobs".* FROM "active_storage_blobs" INNER JOIN "active_storage_attachments" ON "active_storage_blobs"."id" = "active_storage_attachments"."blob_id" WHERE "active_storage_attachments"."record_id" = ? AND "active_storage_attachments"."record_type" = ? AND "active_storage_attachments"."name" = ? LIMIT ?[0m  [["record_id", 2], ["record_type", "Product"], ["name", "image"], ["LIMIT", 1]]
  ↳ app/controllers/products_controller.rb:27:in `block in create'
  [1m[36mActiveStorage::Attachment Load (0.5ms)[0m  [1m[34mSELECT "active_storage_attachments".* FROM "active_storage_attachments" WHERE "active_storage_attachments"."record_id" = ? AND "active_storage_attachments"."record_type" = ? AND "active_storage_attachments"."name" = ? LIMIT ?[0m  [["record_id", 2], ["record_type", "Product"], ["name", "image"], ["LIMIT", 1]]
  ↳ app/controllers/products_controller.rb:27:in `block in create'
  [1m[36mActiveStorage::Blob Create (0.3ms)[0m  [1m[32mINSERT INTO "active_storage_blobs" ("key", "filename", "content_type", "metadata", "service_name", "byte_size", "checksum", "created_at") VALUES (?, ?, ?, ?, ?, ?, ?, ?)[0m  [["key", "3adp6994j56uo4lj22gc5st1zjk6"], ["filename", "download.jpeg"], ["content_type", "image/jpeg"], ["metadata", "{\"identified\":true}"], ["service_name", "local"], ["byte_size", 8976], ["checksum", "eEl0p/970CfKkhgvBjNe3w=="], ["created_at", "2021-11-15 09:36:02.030754"]]
  ↳ app/controllers/products_controller.rb:27:in `block in create'
  [1m[36mActiveStorage::Attachment Create (0.5ms)[0m  [1m[32mINSERT INTO "active_storage_attachments" ("name", "record_type", "record_id", "blob_id", "created_at") VALUES (?, ?, ?, ?, ?)[0m  [["name", "image"], ["record_type", "Product"], ["record_id", 2], ["blob_id", 2], ["created_at", "2021-11-15 09:36:02.037147"]]
  ↳ app/controllers/products_controller.rb:27:in `block in create'
  [1m[36mProduct Update (0.2ms)[0m  [1m[33mUPDATE "products" SET "updated_at" = ? WHERE "products"."id" = ?[0m  [["updated_at", "2021-11-15 09:36:02.042727"], ["id", 2]]
  ↳ app/controllers/products_controller.rb:27:in `block in create'
  [1m[36mTRANSACTION (6.3ms)[0m  [1m[36mcommit transaction[0m
  ↳ app/controllers/products_controller.rb:27:in `block in create'
[36m  Disk Storage (1.3ms) [0m[32mUploaded file to key: 3adp6994j56uo4lj22gc5st1zjk6 (checksum: eEl0p/970CfKkhgvBjNe3w==)[0m
[ActiveJob] Enqueued ActiveStorage::AnalyzeJob (Job ID: ce3a1a40-ac27-45c5-a8f8-1c1139097077) to Async(default) with arguments: #<GlobalID:0x00005647a6106640 @uri=#<URI::GID gid://app/ActiveStorage::Blob/2>>
Redirected to http://127.0.0.1:3000/products/2
Completed 302 Found in 54ms (ActiveRecord: 8.7ms | Allocations: 13349)


  [1m[36mActiveStorage::Blob Load (0.3ms)[0m  [1m[34mSELECT "active_storage_blobs".* FROM "active_storage_blobs" WHERE "active_storage_blobs"."id" = ? LIMIT ?[0m  [["id", 2], ["LIMIT", 1]]
[ActiveJob] [ActiveStorage::AnalyzeJob] [ce3a1a40-ac27-45c5-a8f8-1c1139097077] Performing ActiveStorage::AnalyzeJob (Job ID: ce3a1a40-ac27-45c5-a8f8-1c1139097077) from Async(default) enqueued at 2021-11-15T09:36:02Z with arguments: #<GlobalID:0x00005647a61f37d8 @uri=#<URI::GID gid://app/ActiveStorage::Blob/2>>
[ActiveJob] [ActiveStorage::AnalyzeJob] [ce3a1a40-ac27-45c5-a8f8-1c1139097077] [36m  Disk Storage (0.2ms) [0m[34mDownloaded file from key: 3adp6994j56uo4lj22gc5st1zjk6[0m
[ActiveJob] [ActiveStorage::AnalyzeJob] [ce3a1a40-ac27-45c5-a8f8-1c1139097077] Skipping image analysis because the mini_magick gem isn't installed
[ActiveJob] [ActiveStorage::AnalyzeJob] [ce3a1a40-ac27-45c5-a8f8-1c1139097077]   [1m[36mTRANSACTION (0.1ms)[0m  [1m[36mbegin transaction[0m
[ActiveJob] [ActiveStorage::AnalyzeJob] [ce3a1a40-ac27-45c5-a8f8-1c1139097077]   [1m[36mActiveStorage::Blob Update (0.4ms)[0m  [1m[33mUPDATE "active_storage_blobs" SET "metadata" = ? WHERE "active_storage_blobs"."id" = ?[0m  [["metadata", "{\"identified\":true,\"analyzed\":true}"], ["id", 2]]
[ActiveJob] [ActiveStorage::AnalyzeJob] [ce3a1a40-ac27-45c5-a8f8-1c1139097077]   [1m[36mTRANSACTION (8.2ms)[0m  [1m[36mcommit transaction[0m
Started GET "/products/2" for 127.0.0.1 at 2021-11-15 16:36:02 +0700
[ActiveJob] [ActiveStorage::AnalyzeJob] [ce3a1a40-ac27-45c5-a8f8-1c1139097077] Performed ActiveStorage::AnalyzeJob (Job ID: ce3a1a40-ac27-45c5-a8f8-1c1139097077) from Async(default) in 21.86ms
Processing by ProductsController#show as HTML
  Parameters: {"id"=>"2"}
  [1m[36mProduct Load (0.3ms)[0m  [1m[34mSELECT "products".* FROM "products" WHERE "products"."id" = ? LIMIT ?[0m  [["id", 2], ["LIMIT", 1]]
  ↳ app/controllers/products_controller.rb:57:in `set_product'
  Rendering layout layouts/application.html.erb
  Rendering products/show.html.erb within layouts/application
  Rendered products/show.html.erb within layouts/application (Duration: 0.4ms | Allocations: 116)
[Webpacker] Everything's up-to-date. Nothing to do
  Rendered home/_header.html.erb (Duration: 0.5ms | Allocations: 194)
  Rendered layout layouts/application.html.erb (Duration: 6.9ms | Allocations: 3280)
Completed 200 OK in 10ms (Views: 7.6ms | ActiveRecord: 0.3ms | Allocations: 4316)


Started GET "/products" for 127.0.0.1 at 2021-11-15 16:36:03 +0700
Processing by ProductsController#index as HTML
  Rendering layout layouts/application.html.erb
  Rendering products/index.html.erb within layouts/application
  [1m[36mProduct Load (0.4ms)[0m  [1m[34mSELECT "products".* FROM "products" ORDER BY created_at DESC LIMIT ? OFFSET ?[0m  [["LIMIT", 3], ["OFFSET", 0]]
  ↳ app/views/products/index.html.erb:17
  [1m[36mActiveStorage::Attachment Load (0.1ms)[0m  [1m[34mSELECT "active_storage_attachments".* FROM "active_storage_attachments" WHERE "active_storage_attachments"."record_id" = ? AND "active_storage_attachments"."record_type" = ? AND "active_storage_attachments"."name" = ? LIMIT ?[0m  [["record_id", 2], ["record_type", "Product"], ["name", "image"], ["LIMIT", 1]]
  ↳ app/views/products/index.html.erb:23
  [1m[36mActiveStorage::Blob Load (0.1ms)[0m  [1m[34mSELECT "active_storage_blobs".* FROM "active_storage_blobs" WHERE "active_storage_blobs"."id" = ? LIMIT ?[0m  [["id", 2], ["LIMIT", 1]]
  ↳ app/views/products/index.html.erb:23
  [1m[36mActiveStorage::Attachment Load (0.2ms)[0m  [1m[34mSELECT "active_storage_attachments".* FROM "active_storage_attachments" WHERE "active_storage_attachments"."record_id" = ? AND "active_storage_attachments"."record_type" = ? AND "active_storage_attachments"."name" = ? LIMIT ?[0m  [["record_id", 1], ["record_type", "Product"], ["name", "image"], ["LIMIT", 1]]
  ↳ app/views/products/index.html.erb:23
  [1m[36mActiveStorage::Blob Load (0.2ms)[0m  [1m[34mSELECT "active_storage_blobs".* FROM "active_storage_blobs" WHERE "active_storage_blobs"."id" = ? LIMIT ?[0m  [["id", 1], ["LIMIT", 1]]
  ↳ app/views/products/index.html.erb:23
  Rendered products/index.html.erb within layouts/application (Duration: 18.5ms | Allocations: 5612)
[Webpacker] Everything's up-to-date. Nothing to do
  Rendered home/_header.html.erb (Duration: 0.5ms | Allocations: 218)
  Rendered layout layouts/application.html.erb (Duration: 25.9ms | Allocations: 8978)
Completed 200 OK in 28ms (Views: 25.5ms | ActiveRecord: 1.1ms | Allocations: 9575)


Started GET "/rails/active_storage/blobs/redirect/eyJfcmFpbHMiOnsibWVzc2FnZSI6IkJBaHBCdz09IiwiZXhwIjpudWxsLCJwdXIiOiJibG9iX2lkIn19--ef0e272813c61f8a876d4dac728f758523749540/download.jpeg" for 127.0.0.1 at 2021-11-15 16:36:03 +0700
Processing by ActiveStorage::Blobs::RedirectController#show as JPEG
  Parameters: {"signed_id"=>"eyJfcmFpbHMiOnsibWVzc2FnZSI6IkJBaHBCdz09IiwiZXhwIjpudWxsLCJwdXIiOiJibG9iX2lkIn19--ef0e272813c61f8a876d4dac728f758523749540", "filename"=>"download"}
  [1m[36mActiveStorage::Blob Load (0.2ms)[0m  [1m[34mSELECT "active_storage_blobs".* FROM "active_storage_blobs" WHERE "active_storage_blobs"."id" = ? LIMIT ?[0m  [["id", 2], ["LIMIT", 1]]
Started GET "/rails/active_storage/disk/eyJfcmFpbHMiOnsibWVzc2FnZSI6IkJBaDdDVG9JYTJWNVNTSWhhelEwWW1sNU1IZzNiWFF5YzJNMmJ6WnhjMlpzZVROeFptVnJOZ1k2QmtWVU9oQmthWE53YjNOcGRHbHZia2tpT1dsdWJHbHVaVHNnWm1sc1pXNWhiV1U5SW5ObExtcHdaV2NpT3lCbWFXeGxibUZ0WlNvOVZWUkdMVGduSjNObExtcHdaV2NHT3daVU9oRmpiMjUwWlc1MFgzUjVjR1ZKSWc5cGJXRm5aUzlxY0dWbkJqc0dWRG9SYzJWeWRtbGpaVjl1WVcxbE9ncHNiMk5oYkE9PSIsImV4cCI6IjIwMjEtMTEtMTVUMDk6NDA6MzcuMDQ1WiIsInB1ciI6ImJsb2Jfa2V5In19--625b30baa4701455be0ef623054e1ae9f6e96067/se.jpeg" for 127.0.0.1 at 2021-11-15 16:36:03 +0700
[36m  Disk Storage (0.8ms) [0m[34mGenerated URL for file at key: 3adp6994j56uo4lj22gc5st1zjk6 (http://127.0.0.1:3000/rails/active_storage/disk/eyJfcmFpbHMiOnsibWVzc2FnZSI6IkJBaDdDVG9JYTJWNVNTSWhNMkZrY0RZNU9UUnFOVFoxYnpSc2FqSXlaMk0xYzNReGVtcHJOZ1k2QmtWVU9oQmthWE53YjNOcGRHbHZia2tpUldsdWJHbHVaVHNnWm1sc1pXNWhiV1U5SW1SdmQyNXNiMkZrTG1wd1pXY2lPeUJtYVd4bGJtRnRaU285VlZSR0xUZ25KMlJ2ZDI1c2IyRmtMbXB3WldjR093WlVPaEZqYjI1MFpXNTBYM1I1Y0dWSklnOXBiV0ZuWlM5cWNHVm5CanNHVkRvUmMyVnlkbWxqWlY5dVlXMWxPZ3BzYjJOaGJBPT0iLCJleHAiOiIyMDIxLTExLTE1VDA5OjQxOjAzLjIzN1oiLCJwdXIiOiJibG9iX2tleSJ9fQ==--7f84a914aba7e5ea605323016b930805e9e36924/download.jpeg)[0m
Redirected to http://127.0.0.1:3000/rails/active_storage/disk/eyJfcmFpbHMiOnsibWVzc2FnZSI6IkJBaDdDVG9JYTJWNVNTSWhNMkZrY0RZNU9UUnFOVFoxYnpSc2FqSXlaMk0xYzNReGVtcHJOZ1k2QmtWVU9oQmthWE53YjNOcGRHbHZia2tpUldsdWJHbHVaVHNnWm1sc1pXNWhiV1U5SW1SdmQyNXNiMkZrTG1wd1pXY2lPeUJtYVd4bGJtRnRaU285VlZSR0xUZ25KMlJ2ZDI1c2IyRmtMbXB3WldjR093WlVPaEZqYjI1MFpXNTBYM1I1Y0dWSklnOXBiV0ZuWlM5cWNHVm5CanNHVkRvUmMyVnlkbWxqWlY5dVlXMWxPZ3BzYjJOaGJBPT0iLCJleHAiOiIyMDIxLTExLTE1VDA5OjQxOjAzLjIzN1oiLCJwdXIiOiJibG9iX2tleSJ9fQ==--7f84a914aba7e5ea605323016b930805e9e36924/download.jpeg
Processing by ActiveStorage::DiskController#show as JPEG
Completed 302 Found in 9ms (ActiveRecord: 0.2ms | Allocations: 2605)


  Parameters: {"encoded_key"=>"[FILTERED]", "filename"=>"se"}
Completed 200 OK in 3ms (ActiveRecord: 0.0ms | Allocations: 1445)


Started GET "/rails/active_storage/disk/eyJfcmFpbHMiOnsibWVzc2FnZSI6IkJBaDdDVG9JYTJWNVNTSWhNMkZrY0RZNU9UUnFOVFoxYnpSc2FqSXlaMk0xYzNReGVtcHJOZ1k2QmtWVU9oQmthWE53YjNOcGRHbHZia2tpUldsdWJHbHVaVHNnWm1sc1pXNWhiV1U5SW1SdmQyNXNiMkZrTG1wd1pXY2lPeUJtYVd4bGJtRnRaU285VlZSR0xUZ25KMlJ2ZDI1c2IyRmtMbXB3WldjR093WlVPaEZqYjI1MFpXNTBYM1I1Y0dWSklnOXBiV0ZuWlM5cWNHVm5CanNHVkRvUmMyVnlkbWxqWlY5dVlXMWxPZ3BzYjJOaGJBPT0iLCJleHAiOiIyMDIxLTExLTE1VDA5OjQxOjAzLjIzN1oiLCJwdXIiOiJibG9iX2tleSJ9fQ==--7f84a914aba7e5ea605323016b930805e9e36924/download.jpeg" for 127.0.0.1 at 2021-11-15 16:36:03 +0700
Processing by ActiveStorage::DiskController#show as JPEG
  Parameters: {"encoded_key"=>"[FILTERED]", "filename"=>"download"}
Completed 200 OK in 1ms (ActiveRecord: 0.0ms | Allocations: 313)


Started GET "/products/new" for 127.0.0.1 at 2021-11-15 16:36:07 +0700
Processing by ProductsController#new as HTML
  Rendering layout layouts/application.html.erb
  Rendering products/new.html.erb within layouts/application
  Rendered products/_form.html.erb (Duration: 2.6ms | Allocations: 1224)
  Rendered products/new.html.erb within layouts/application (Duration: 3.1ms | Allocations: 1337)
[Webpacker] Everything's up-to-date. Nothing to do
  Rendered home/_header.html.erb (Duration: 0.4ms | Allocations: 200)
  Rendered layout layouts/application.html.erb (Duration: 10.6ms | Allocations: 4483)
Completed 200 OK in 12ms (Views: 11.2ms | ActiveRecord: 0.0ms | Allocations: 4949)


Started GET "/rails/active_storage/disk/eyJfcmFpbHMiOnsibWVzc2FnZSI6IkJBaDdDVG9JYTJWNVNTSWhNMkZrY0RZNU9UUnFOVFoxYnpSc2FqSXlaMk0xYzNReGVtcHJOZ1k2QmtWVU9oQmthWE53YjNOcGRHbHZia2tpUldsdWJHbHVaVHNnWm1sc1pXNWhiV1U5SW1SdmQyNXNiMkZrTG1wd1pXY2lPeUJtYVd4bGJtRnRaU285VlZSR0xUZ25KMlJ2ZDI1c2IyRmtMbXB3WldjR093WlVPaEZqYjI1MFpXNTBYM1I1Y0dWSklnOXBiV0ZuWlM5cWNHVm5CanNHVkRvUmMyVnlkbWxqWlY5dVlXMWxPZ3BzYjJOaGJBPT0iLCJleHAiOiIyMDIxLTExLTE1VDA5OjQxOjAzLjIzN1oiLCJwdXIiOiJibG9iX2tleSJ9fQ==--7f84a914aba7e5ea605323016b930805e9e36924/download.jpeg" for 127.0.0.1 at 2021-11-15 16:36:07 +0700
Processing by ActiveStorage::DiskController#show as JPEG
  Parameters: {"encoded_key"=>"[FILTERED]", "filename"=>"download"}
Completed 200 OK in 1ms (ActiveRecord: 0.0ms | Allocations: 313)


Started GET "/rails/active_storage/disk/eyJfcmFpbHMiOnsibWVzc2FnZSI6IkJBaDdDVG9JYTJWNVNTSWhhelEwWW1sNU1IZzNiWFF5YzJNMmJ6WnhjMlpzZVROeFptVnJOZ1k2QmtWVU9oQmthWE53YjNOcGRHbHZia2tpT1dsdWJHbHVaVHNnWm1sc1pXNWhiV1U5SW5ObExtcHdaV2NpT3lCbWFXeGxibUZ0WlNvOVZWUkdMVGduSjNObExtcHdaV2NHT3daVU9oRmpiMjUwWlc1MFgzUjVjR1ZKSWc5cGJXRm5aUzlxY0dWbkJqc0dWRG9SYzJWeWRtbGpaVjl1WVcxbE9ncHNiMk5oYkE9PSIsImV4cCI6IjIwMjEtMTEtMTVUMDk6NDA6MzcuMDQ1WiIsInB1ciI6ImJsb2Jfa2V5In19--625b30baa4701455be0ef623054e1ae9f6e96067/se.jpeg" for 127.0.0.1 at 2021-11-15 16:36:07 +0700
Processing by ActiveStorage::DiskController#show as JPEG
  Parameters: {"encoded_key"=>"[FILTERED]", "filename"=>"se"}
Completed 200 OK in 1ms (ActiveRecord: 0.0ms | Allocations: 315)


Started POST "/products" for 127.0.0.1 at 2021-11-15 16:36:36 +0700
Processing by ProductsController#create as HTML
  Parameters: {"authenticity_token"=>"[FILTERED]", "product"=>{"sku"=>"463458745", "title"=>"Iphone 13", "price"=>"29000000", "quantity"=>"1600", "image"=>#<ActionDispatch::Http::UploadedFile:0x00007f096c44fd50 @tempfile=#<Tempfile:/tmp/RackMultipart20211115-28511-evmy9t.jpeg>, @original_filename="ip.jpeg", @content_type="image/jpeg", @headers="Content-Disposition: form-data; name=\"product[image]\"; filename=\"ip.jpeg\"\r\nContent-Type: image/jpeg\r\n">}, "commit"=>"Create Product"}
  [1m[36mTRANSACTION (0.1ms)[0m  [1m[36mbegin transaction[0m
  ↳ app/controllers/products_controller.rb:27:in `block in create'
  [1m[36mProduct Create (0.4ms)[0m  [1m[32mINSERT INTO "products" ("sku", "title", "price", "quantity", "created_at", "updated_at") VALUES (?, ?, ?, ?, ?, ?)[0m  [["sku", "463458745"], ["title", "Iphone 13"], ["price", 29000000], ["quantity", 1600], ["created_at", "2021-11-15 09:36:36.029953"], ["updated_at", "2021-11-15 09:36:36.029953"]]
  ↳ app/controllers/products_controller.rb:27:in `block in create'
  [1m[36mActiveStorage::Blob Load (0.1ms)[0m  [1m[34mSELECT "active_storage_blobs".* FROM "active_storage_blobs" INNER JOIN "active_storage_attachments" ON "active_storage_blobs"."id" = "active_storage_attachments"."blob_id" WHERE "active_storage_attachments"."record_id" = ? AND "active_storage_attachments"."record_type" = ? AND "active_storage_attachments"."name" = ? LIMIT ?[0m  [["record_id", 3], ["record_type", "Product"], ["name", "image"], ["LIMIT", 1]]
  ↳ app/controllers/products_controller.rb:27:in `block in create'
  [1m[36mActiveStorage::Attachment Load (0.1ms)[0m  [1m[34mSELECT "active_storage_attachments".* FROM "active_storage_attachments" WHERE "active_storage_attachments"."record_id" = ? AND "active_storage_attachments"."record_type" = ? AND "active_storage_attachments"."name" = ? LIMIT ?[0m  [["record_id", 3], ["record_type", "Product"], ["name", "image"], ["LIMIT", 1]]
  ↳ app/controllers/products_controller.rb:27:in `block in create'
  [1m[36mActiveStorage::Blob Create (0.4ms)[0m  [1m[32mINSERT INTO "active_storage_blobs" ("key", "filename", "content_type", "metadata", "service_name", "byte_size", "checksum", "created_at") VALUES (?, ?, ?, ?, ?, ?, ?, ?)[0m  [["key", "xce9xoi13eo1w5osaapr0upljwp1"], ["filename", "ip.jpeg"], ["content_type", "image/jpeg"], ["metadata", "{\"identified\":true}"], ["service_name", "local"], ["byte_size", 4643], ["checksum", "oghGNFL+GFkfGZHyHYXDwA=="], ["created_at", "2021-11-15 09:36:36.044712"]]
  ↳ app/controllers/products_controller.rb:27:in `block in create'
  [1m[36mActiveStorage::Attachment Create (0.3ms)[0m  [1m[32mINSERT INTO "active_storage_attachments" ("name", "record_type", "record_id", "blob_id", "created_at") VALUES (?, ?, ?, ?, ?)[0m  [["name", "image"], ["record_type", "Product"], ["record_id", 3], ["blob_id", 3], ["created_at", "2021-11-15 09:36:36.050079"]]
  ↳ app/controllers/products_controller.rb:27:in `block in create'
  [1m[36mProduct Update (0.1ms)[0m  [1m[33mUPDATE "products" SET "updated_at" = ? WHERE "products"."id" = ?[0m  [["updated_at", "2021-11-15 09:36:36.054276"], ["id", 3]]
  ↳ app/controllers/products_controller.rb:27:in `block in create'
  [1m[36mTRANSACTION (5.1ms)[0m  [1m[36mcommit transaction[0m
  ↳ app/controllers/products_controller.rb:27:in `block in create'
[36m  Disk Storage (0.6ms) [0m[32mUploaded file to key: xce9xoi13eo1w5osaapr0upljwp1 (checksum: oghGNFL+GFkfGZHyHYXDwA==)[0m
[ActiveJob] Enqueued ActiveStorage::AnalyzeJob (Job ID: d07f20cd-6ff5-4a2a-b69c-23c5865cc82a) to Async(default) with arguments: #<GlobalID:0x00007f0970053860 @uri=#<URI::GID gid://app/ActiveStorage::Blob/3>>
Redirected to http://127.0.0.1:3000/products/3
Completed 302 Found in 43ms (ActiveRecord: 6.7ms | Allocations: 12740)


  [1m[36mActiveStorage::Blob Load (0.1ms)[0m  [1m[34mSELECT "active_storage_blobs".* FROM "active_storage_blobs" WHERE "active_storage_blobs"."id" = ? LIMIT ?[0m  [["id", 3], ["LIMIT", 1]]
[ActiveJob] [ActiveStorage::AnalyzeJob] [d07f20cd-6ff5-4a2a-b69c-23c5865cc82a] Performing ActiveStorage::AnalyzeJob (Job ID: d07f20cd-6ff5-4a2a-b69c-23c5865cc82a) from Async(default) enqueued at 2021-11-15T09:36:36Z with arguments: #<GlobalID:0x00007f096c4ddbc8 @uri=#<URI::GID gid://app/ActiveStorage::Blob/3>>
[ActiveJob] [ActiveStorage::AnalyzeJob] [d07f20cd-6ff5-4a2a-b69c-23c5865cc82a] [36m  Disk Storage (0.1ms) [0m[34mDownloaded file from key: xce9xoi13eo1w5osaapr0upljwp1[0m
Started GET "/products/3" for 127.0.0.1 at 2021-11-15 16:36:36 +0700
Processing by ProductsController#show as HTML
  Parameters: {"id"=>"3"}
  [1m[36mProduct Load (0.2ms)[0m  [1m[34mSELECT "products".* FROM "products" WHERE "products"."id" = ? LIMIT ?[0m  [["id", 3], ["LIMIT", 1]]
  ↳ app/controllers/products_controller.rb:57:in `set_product'
  Rendering layout layouts/application.html.erb
  Rendering products/show.html.erb within layouts/application
[ActiveJob] [ActiveStorage::AnalyzeJob] [d07f20cd-6ff5-4a2a-b69c-23c5865cc82a] Skipping image analysis because the mini_magick gem isn't installed
[ActiveJob] [ActiveStorage::AnalyzeJob] [d07f20cd-6ff5-4a2a-b69c-23c5865cc82a]   [1m[36mTRANSACTION (0.1ms)[0m  [1m[36mbegin transaction[0m
  Rendered products/show.html.erb within layouts/application (Duration: 7.8ms | Allocations: 1335)
[ActiveJob] [ActiveStorage::AnalyzeJob] [d07f20cd-6ff5-4a2a-b69c-23c5865cc82a]   [1m[36mActiveStorage::Blob Update (0.4ms)[0m  [1m[33mUPDATE "active_storage_blobs" SET "metadata" = ? WHERE "active_storage_blobs"."id" = ?[0m  [["metadata", "{\"identified\":true,\"analyzed\":true}"], ["id", 3]]
[ActiveJob] [ActiveStorage::AnalyzeJob] [d07f20cd-6ff5-4a2a-b69c-23c5865cc82a]   [1m[36mTRANSACTION (8.6ms)[0m  [1m[36mcommit transaction[0m
[ActiveJob] [ActiveStorage::AnalyzeJob] [d07f20cd-6ff5-4a2a-b69c-23c5865cc82a] Performed ActiveStorage::AnalyzeJob (Job ID: d07f20cd-6ff5-4a2a-b69c-23c5865cc82a) from Async(default) in 42.64ms
[Webpacker] Everything's up-to-date. Nothing to do
  Rendered home/_header.html.erb (Duration: 0.4ms | Allocations: 194)
  Rendered layout layouts/application.html.erb (Duration: 32.9ms | Allocations: 8637)
Completed 200 OK in 38ms (Views: 33.5ms | ActiveRecord: 0.2ms | Allocations: 9643)


Started GET "/products" for 127.0.0.1 at 2021-11-15 16:36:37 +0700
Processing by ProductsController#index as HTML
  Rendering layout layouts/application.html.erb
  Rendering products/index.html.erb within layouts/application
  [1m[36mProduct Load (0.3ms)[0m  [1m[34mSELECT "products".* FROM "products" ORDER BY created_at DESC LIMIT ? OFFSET ?[0m  [["LIMIT", 3], ["OFFSET", 0]]
  ↳ app/views/products/index.html.erb:17
  [1m[36mActiveStorage::Attachment Load (0.3ms)[0m  [1m[34mSELECT "active_storage_attachments".* FROM "active_storage_attachments" WHERE "active_storage_attachments"."record_id" = ? AND "active_storage_attachments"."record_type" = ? AND "active_storage_attachments"."name" = ? LIMIT ?[0m  [["record_id", 3], ["record_type", "Product"], ["name", "image"], ["LIMIT", 1]]
  ↳ app/views/products/index.html.erb:23
  [1m[36mActiveStorage::Blob Load (0.1ms)[0m  [1m[34mSELECT "active_storage_blobs".* FROM "active_storage_blobs" WHERE "active_storage_blobs"."id" = ? LIMIT ?[0m  [["id", 3], ["LIMIT", 1]]
  ↳ app/views/products/index.html.erb:23
  [1m[36mActiveStorage::Attachment Load (0.2ms)[0m  [1m[34mSELECT "active_storage_attachments".* FROM "active_storage_attachments" WHERE "active_storage_attachments"."record_id" = ? AND "active_storage_attachments"."record_type" = ? AND "active_storage_attachments"."name" = ? LIMIT ?[0m  [["record_id", 2], ["record_type", "Product"], ["name", "image"], ["LIMIT", 1]]
  ↳ app/views/products/index.html.erb:23
  [1m[36mActiveStorage::Blob Load (0.2ms)[0m  [1m[34mSELECT "active_storage_blobs".* FROM "active_storage_blobs" WHERE "active_storage_blobs"."id" = ? LIMIT ?[0m  [["id", 2], ["LIMIT", 1]]
  ↳ app/views/products/index.html.erb:23
  [1m[36mActiveStorage::Attachment Load (0.1ms)[0m  [1m[34mSELECT "active_storage_attachments".* FROM "active_storage_attachments" WHERE "active_storage_attachments"."record_id" = ? AND "active_storage_attachments"."record_type" = ? AND "active_storage_attachments"."name" = ? LIMIT ?[0m  [["record_id", 1], ["record_type", "Product"], ["name", "image"], ["LIMIT", 1]]
  ↳ app/views/products/index.html.erb:23
  [1m[36mActiveStorage::Blob Load (0.2ms)[0m  [1m[34mSELECT "active_storage_blobs".* FROM "active_storage_blobs" WHERE "active_storage_blobs"."id" = ? LIMIT ?[0m  [["id", 1], ["LIMIT", 1]]
  ↳ app/views/products/index.html.erb:23
  [1m[35m (0.2ms)[0m  [1m[34mSELECT COUNT(*) FROM "products"[0m
  ↳ app/views/products/index.html.erb:35
  Rendered products/index.html.erb within layouts/application (Duration: 33.2ms | Allocations: 8657)
[Webpacker] Everything's up-to-date. Nothing to do
  Rendered home/_header.html.erb (Duration: 0.6ms | Allocations: 218)
  Rendered layout layouts/application.html.erb (Duration: 39.8ms | Allocations: 11889)
Completed 200 OK in 42ms (Views: 39.0ms | ActiveRecord: 1.5ms | Allocations: 12458)


Started GET "/rails/active_storage/blobs/redirect/eyJfcmFpbHMiOnsibWVzc2FnZSI6IkJBaHBDQT09IiwiZXhwIjpudWxsLCJwdXIiOiJibG9iX2lkIn19--e22f3e9ab731ec98814d1c293fc5a0fa1ad807a4/ip.jpeg" for 127.0.0.1 at 2021-11-15 16:36:37 +0700
Processing by ActiveStorage::Blobs::RedirectController#show as JPEG
Started GET "/rails/active_storage/disk/eyJfcmFpbHMiOnsibWVzc2FnZSI6IkJBaDdDVG9JYTJWNVNTSWhNMkZrY0RZNU9UUnFOVFoxYnpSc2FqSXlaMk0xYzNReGVtcHJOZ1k2QmtWVU9oQmthWE53YjNOcGRHbHZia2tpUldsdWJHbHVaVHNnWm1sc1pXNWhiV1U5SW1SdmQyNXNiMkZrTG1wd1pXY2lPeUJtYVd4bGJtRnRaU285VlZSR0xUZ25KMlJ2ZDI1c2IyRmtMbXB3WldjR093WlVPaEZqYjI1MFpXNTBYM1I1Y0dWSklnOXBiV0ZuWlM5cWNHVm5CanNHVkRvUmMyVnlkbWxqWlY5dVlXMWxPZ3BzYjJOaGJBPT0iLCJleHAiOiIyMDIxLTExLTE1VDA5OjQxOjAzLjIzN1oiLCJwdXIiOiJibG9iX2tleSJ9fQ==--7f84a914aba7e5ea605323016b930805e9e36924/download.jpeg" for 127.0.0.1 at 2021-11-15 16:36:37 +0700
  Parameters: {"signed_id"=>"eyJfcmFpbHMiOnsibWVzc2FnZSI6IkJBaHBDQT09IiwiZXhwIjpudWxsLCJwdXIiOiJibG9iX2lkIn19--e22f3e9ab731ec98814d1c293fc5a0fa1ad807a4", "filename"=>"ip"}
Started GET "/rails/active_storage/disk/eyJfcmFpbHMiOnsibWVzc2FnZSI6IkJBaDdDVG9JYTJWNVNTSWhhelEwWW1sNU1IZzNiWFF5YzJNMmJ6WnhjMlpzZVROeFptVnJOZ1k2QmtWVU9oQmthWE53YjNOcGRHbHZia2tpT1dsdWJHbHVaVHNnWm1sc1pXNWhiV1U5SW5ObExtcHdaV2NpT3lCbWFXeGxibUZ0WlNvOVZWUkdMVGduSjNObExtcHdaV2NHT3daVU9oRmpiMjUwWlc1MFgzUjVjR1ZKSWc5cGJXRm5aUzlxY0dWbkJqc0dWRG9SYzJWeWRtbGpaVjl1WVcxbE9ncHNiMk5oYkE9PSIsImV4cCI6IjIwMjEtMTEtMTVUMDk6NDA6MzcuMDQ1WiIsInB1ciI6ImJsb2Jfa2V5In19--625b30baa4701455be0ef623054e1ae9f6e96067/se.jpeg" for 127.0.0.1 at 2021-11-15 16:36:37 +0700
Processing by ActiveStorage::DiskController#show as JPEG
  Parameters: {"encoded_key"=>"[FILTERED]", "filename"=>"se"}
Completed 200 OK in 3ms (ActiveRecord: 0.0ms | Allocations: 315)


  [1m[36mActiveStorage::Blob Load (0.2ms)[0m  [1m[34mSELECT "active_storage_blobs".* FROM "active_storage_blobs" WHERE "active_storage_blobs"."id" = ? LIMIT ?[0m  [["id", 3], ["LIMIT", 1]]
[36m  Disk Storage (1.0ms) [0m[34mGenerated URL for file at key: xce9xoi13eo1w5osaapr0upljwp1 (http://127.0.0.1:3000/rails/active_storage/disk/eyJfcmFpbHMiOnsibWVzc2FnZSI6IkJBaDdDVG9JYTJWNVNTSWhlR05sT1hodmFURXpaVzh4ZHpWdmMyRmhjSEl3ZFhCc2FuZHdNUVk2QmtWVU9oQmthWE53YjNOcGRHbHZia2tpT1dsdWJHbHVaVHNnWm1sc1pXNWhiV1U5SW1sd0xtcHdaV2NpT3lCbWFXeGxibUZ0WlNvOVZWUkdMVGduSjJsd0xtcHdaV2NHT3daVU9oRmpiMjUwWlc1MFgzUjVjR1ZKSWc5cGJXRm5aUzlxY0dWbkJqc0dWRG9SYzJWeWRtbGpaVjl1WVcxbE9ncHNiMk5oYkE9PSIsImV4cCI6IjIwMjEtMTEtMTVUMDk6NDE6MzcuNTk4WiIsInB1ciI6ImJsb2Jfa2V5In19--117d247c6c2d92cedc4ebb32f784d36f3c80990a/ip.jpeg)[0m
Redirected to http://127.0.0.1:3000/rails/active_storage/disk/eyJfcmFpbHMiOnsibWVzc2FnZSI6IkJBaDdDVG9JYTJWNVNTSWhlR05sT1hodmFURXpaVzh4ZHpWdmMyRmhjSEl3ZFhCc2FuZHdNUVk2QmtWVU9oQmthWE53YjNOcGRHbHZia2tpT1dsdWJHbHVaVHNnWm1sc1pXNWhiV1U5SW1sd0xtcHdaV2NpT3lCbWFXeGxibUZ0WlNvOVZWUkdMVGduSjJsd0xtcHdaV2NHT3daVU9oRmpiMjUwWlc1MFgzUjVjR1ZKSWc5cGJXRm5aUzlxY0dWbkJqc0dWRG9SYzJWeWRtbGpaVjl1WVcxbE9ncHNiMk5oYkE9PSIsImV4cCI6IjIwMjEtMTEtMTVUMDk6NDE6MzcuNTk4WiIsInB1ciI6ImJsb2Jfa2V5In19--117d247c6c2d92cedc4ebb32f784d36f3c80990a/ip.jpeg
Completed 302 Found in 16ms (ActiveRecord: 0.2ms | Allocations: 2737)


Started GET "/rails/active_storage/disk/eyJfcmFpbHMiOnsibWVzc2FnZSI6IkJBaDdDVG9JYTJWNVNTSWhlR05sT1hodmFURXpaVzh4ZHpWdmMyRmhjSEl3ZFhCc2FuZHdNUVk2QmtWVU9oQmthWE53YjNOcGRHbHZia2tpT1dsdWJHbHVaVHNnWm1sc1pXNWhiV1U5SW1sd0xtcHdaV2NpT3lCbWFXeGxibUZ0WlNvOVZWUkdMVGduSjJsd0xtcHdaV2NHT3daVU9oRmpiMjUwWlc1MFgzUjVjR1ZKSWc5cGJXRm5aUzlxY0dWbkJqc0dWRG9SYzJWeWRtbGpaVjl1WVcxbE9ncHNiMk5oYkE9PSIsImV4cCI6IjIwMjEtMTEtMTVUMDk6NDE6MzcuNTk4WiIsInB1ciI6ImJsb2Jfa2V5In19--117d247c6c2d92cedc4ebb32f784d36f3c80990a/ip.jpeg" for 127.0.0.1 at 2021-11-15 16:36:37 +0700
Processing by ActiveStorage::DiskController#show as JPEG
  Parameters: {"encoded_key"=>"[FILTERED]", "filename"=>"ip"}
Completed 200 OK in 1ms (ActiveRecord: 0.0ms | Allocations: 314)


Processing by ActiveStorage::DiskController#show as JPEG
  Parameters: {"encoded_key"=>"[FILTERED]", "filename"=>"download"}
Completed 200 OK in 1ms (ActiveRecord: 0.0ms | Allocations: 317)


Started GET "/products/new" for 127.0.0.1 at 2021-11-15 16:36:46 +0700
Processing by ProductsController#new as HTML
  Rendering layout layouts/application.html.erb
  Rendering products/new.html.erb within layouts/application
  Rendered products/_form.html.erb (Duration: 3.2ms | Allocations: 1224)
  Rendered products/new.html.erb within layouts/application (Duration: 3.6ms | Allocations: 1337)
[Webpacker] Everything's up-to-date. Nothing to do
  Rendered home/_header.html.erb (Duration: 0.6ms | Allocations: 200)
  Rendered layout layouts/application.html.erb (Duration: 13.2ms | Allocations: 5100)
Completed 200 OK in 15ms (Views: 13.9ms | ActiveRecord: 0.0ms | Allocations: 5567)


Started GET "/rails/active_storage/disk/eyJfcmFpbHMiOnsibWVzc2FnZSI6IkJBaDdDVG9JYTJWNVNTSWhlR05sT1hodmFURXpaVzh4ZHpWdmMyRmhjSEl3ZFhCc2FuZHdNUVk2QmtWVU9oQmthWE53YjNOcGRHbHZia2tpT1dsdWJHbHVaVHNnWm1sc1pXNWhiV1U5SW1sd0xtcHdaV2NpT3lCbWFXeGxibUZ0WlNvOVZWUkdMVGduSjJsd0xtcHdaV2NHT3daVU9oRmpiMjUwWlc1MFgzUjVjR1ZKSWc5cGJXRm5aUzlxY0dWbkJqc0dWRG9SYzJWeWRtbGpaVjl1WVcxbE9ncHNiMk5oYkE9PSIsImV4cCI6IjIwMjEtMTEtMTVUMDk6NDE6MzcuNTk4WiIsInB1ciI6ImJsb2Jfa2V5In19--117d247c6c2d92cedc4ebb32f784d36f3c80990a/ip.jpeg" for 127.0.0.1 at 2021-11-15 16:36:46 +0700
Processing by ActiveStorage::DiskController#show as JPEG
  Parameters: {"encoded_key"=>"[FILTERED]", "filename"=>"ip"}
Completed 200 OK in 1ms (ActiveRecord: 0.0ms | Allocations: 313)


Started GET "/rails/active_storage/disk/eyJfcmFpbHMiOnsibWVzc2FnZSI6IkJBaDdDVG9JYTJWNVNTSWhNMkZrY0RZNU9UUnFOVFoxYnpSc2FqSXlaMk0xYzNReGVtcHJOZ1k2QmtWVU9oQmthWE53YjNOcGRHbHZia2tpUldsdWJHbHVaVHNnWm1sc1pXNWhiV1U5SW1SdmQyNXNiMkZrTG1wd1pXY2lPeUJtYVd4bGJtRnRaU285VlZSR0xUZ25KMlJ2ZDI1c2IyRmtMbXB3WldjR093WlVPaEZqYjI1MFpXNTBYM1I1Y0dWSklnOXBiV0ZuWlM5cWNHVm5CanNHVkRvUmMyVnlkbWxqWlY5dVlXMWxPZ3BzYjJOaGJBPT0iLCJleHAiOiIyMDIxLTExLTE1VDA5OjQxOjAzLjIzN1oiLCJwdXIiOiJibG9iX2tleSJ9fQ==--7f84a914aba7e5ea605323016b930805e9e36924/download.jpeg" for 127.0.0.1 at 2021-11-15 16:36:46 +0700
Processing by ActiveStorage::DiskController#show as JPEG
  Parameters: {"encoded_key"=>"[FILTERED]", "filename"=>"download"}
Completed 200 OK in 1ms (ActiveRecord: 0.0ms | Allocations: 313)


Started GET "/rails/active_storage/disk/eyJfcmFpbHMiOnsibWVzc2FnZSI6IkJBaDdDVG9JYTJWNVNTSWhhelEwWW1sNU1IZzNiWFF5YzJNMmJ6WnhjMlpzZVROeFptVnJOZ1k2QmtWVU9oQmthWE53YjNOcGRHbHZia2tpT1dsdWJHbHVaVHNnWm1sc1pXNWhiV1U5SW5ObExtcHdaV2NpT3lCbWFXeGxibUZ0WlNvOVZWUkdMVGduSjNObExtcHdaV2NHT3daVU9oRmpiMjUwWlc1MFgzUjVjR1ZKSWc5cGJXRm5aUzlxY0dWbkJqc0dWRG9SYzJWeWRtbGpaVjl1WVcxbE9ncHNiMk5oYkE9PSIsImV4cCI6IjIwMjEtMTEtMTVUMDk6NDA6MzcuMDQ1WiIsInB1ciI6ImJsb2Jfa2V5In19--625b30baa4701455be0ef623054e1ae9f6e96067/se.jpeg" for 127.0.0.1 at 2021-11-15 16:36:46 +0700
Processing by ActiveStorage::DiskController#show as JPEG
  Parameters: {"encoded_key"=>"[FILTERED]", "filename"=>"se"}
Completed 200 OK in 3ms (ActiveRecord: 0.0ms | Allocations: 847)


Started POST "/products" for 127.0.0.1 at 2021-11-15 16:37:06 +0700
Processing by ProductsController#create as HTML
  Parameters: {"authenticity_token"=>"[FILTERED]", "product"=>{"sku"=>"4586364789", "title"=>"macbook air", "price"=>"32000000", "quantity"=>"100", "image"=>#<ActionDispatch::Http::UploadedFile:0x00007f0964a1ba20 @tempfile=#<Tempfile:/tmp/RackMultipart20211115-28511-apho3u.png>, @original_filename="shopping.png", @content_type="image/png", @headers="Content-Disposition: form-data; name=\"product[image]\"; filename=\"shopping.png\"\r\nContent-Type: image/png\r\n">}, "commit"=>"Create Product"}
  [1m[36mTRANSACTION (0.1ms)[0m  [1m[36mbegin transaction[0m
  ↳ app/controllers/products_controller.rb:27:in `block in create'
  [1m[36mProduct Create (0.4ms)[0m  [1m[32mINSERT INTO "products" ("sku", "title", "price", "quantity", "created_at", "updated_at") VALUES (?, ?, ?, ?, ?, ?)[0m  [["sku", "4586364789"], ["title", "Macbook air"], ["price", 32000000], ["quantity", 100], ["created_at", "2021-11-15 09:37:06.031951"], ["updated_at", "2021-11-15 09:37:06.031951"]]
  ↳ app/controllers/products_controller.rb:27:in `block in create'
  [1m[36mActiveStorage::Blob Load (0.1ms)[0m  [1m[34mSELECT "active_storage_blobs".* FROM "active_storage_blobs" INNER JOIN "active_storage_attachments" ON "active_storage_blobs"."id" = "active_storage_attachments"."blob_id" WHERE "active_storage_attachments"."record_id" = ? AND "active_storage_attachments"."record_type" = ? AND "active_storage_attachments"."name" = ? LIMIT ?[0m  [["record_id", 4], ["record_type", "Product"], ["name", "image"], ["LIMIT", 1]]
  ↳ app/controllers/products_controller.rb:27:in `block in create'
  [1m[36mActiveStorage::Attachment Load (0.1ms)[0m  [1m[34mSELECT "active_storage_attachments".* FROM "active_storage_attachments" WHERE "active_storage_attachments"."record_id" = ? AND "active_storage_attachments"."record_type" = ? AND "active_storage_attachments"."name" = ? LIMIT ?[0m  [["record_id", 4], ["record_type", "Product"], ["name", "image"], ["LIMIT", 1]]
  ↳ app/controllers/products_controller.rb:27:in `block in create'
  [1m[36mActiveStorage::Blob Create (0.3ms)[0m  [1m[32mINSERT INTO "active_storage_blobs" ("key", "filename", "content_type", "metadata", "service_name", "byte_size", "checksum", "created_at") VALUES (?, ?, ?, ?, ?, ?, ?, ?)[0m  [["key", "akadwxw2tqv4bspkdkk52enxbb2x"], ["filename", "shopping.png"], ["content_type", "image/png"], ["metadata", "{\"identified\":true}"], ["service_name", "local"], ["byte_size", 4195], ["checksum", "GnxMENPNPyOHf3KYR2fA0w=="], ["created_at", "2021-11-15 09:37:06.047128"]]
  ↳ app/controllers/products_controller.rb:27:in `block in create'
  [1m[36mActiveStorage::Attachment Create (0.3ms)[0m  [1m[32mINSERT INTO "active_storage_attachments" ("name", "record_type", "record_id", "blob_id", "created_at") VALUES (?, ?, ?, ?, ?)[0m  [["name", "image"], ["record_type", "Product"], ["record_id", 4], ["blob_id", 4], ["created_at", "2021-11-15 09:37:06.052519"]]
  ↳ app/controllers/products_controller.rb:27:in `block in create'
  [1m[36mProduct Update (0.2ms)[0m  [1m[33mUPDATE "products" SET "updated_at" = ? WHERE "products"."id" = ?[0m  [["updated_at", "2021-11-15 09:37:06.056363"], ["id", 4]]
  ↳ app/controllers/products_controller.rb:27:in `block in create'
  [1m[36mTRANSACTION (5.2ms)[0m  [1m[36mcommit transaction[0m
  ↳ app/controllers/products_controller.rb:27:in `block in create'
[36m  Disk Storage (0.5ms) [0m[32mUploaded file to key: akadwxw2tqv4bspkdkk52enxbb2x (checksum: GnxMENPNPyOHf3KYR2fA0w==)[0m
[ActiveJob] Enqueued ActiveStorage::AnalyzeJob (Job ID: c6aedde7-bc17-4c17-a933-62f8a0859083) to Async(default) with arguments: #<GlobalID:0x00007f095817a328 @uri=#<URI::GID gid://app/ActiveStorage::Blob/4>>
Redirected to http://127.0.0.1:3000/products/4
Completed 302 Found in 42ms (ActiveRecord: 6.7ms | Allocations: 12728)


  [1m[36mActiveStorage::Blob Load (0.2ms)[0m  [1m[34mSELECT "active_storage_blobs".* FROM "active_storage_blobs" WHERE "active_storage_blobs"."id" = ? LIMIT ?[0m  [["id", 4], ["LIMIT", 1]]
[ActiveJob] [ActiveStorage::AnalyzeJob] [c6aedde7-bc17-4c17-a933-62f8a0859083] Performing ActiveStorage::AnalyzeJob (Job ID: c6aedde7-bc17-4c17-a933-62f8a0859083) from Async(default) enqueued at 2021-11-15T09:37:06Z with arguments: #<GlobalID:0x00007f095822fa70 @uri=#<URI::GID gid://app/ActiveStorage::Blob/4>>
[ActiveJob] [ActiveStorage::AnalyzeJob] [c6aedde7-bc17-4c17-a933-62f8a0859083] [36m  Disk Storage (0.3ms) [0m[34mDownloaded file from key: akadwxw2tqv4bspkdkk52enxbb2x[0m
[ActiveJob] [ActiveStorage::AnalyzeJob] [c6aedde7-bc17-4c17-a933-62f8a0859083] Skipping image analysis because the mini_magick gem isn't installed
[ActiveJob] [ActiveStorage::AnalyzeJob] [c6aedde7-bc17-4c17-a933-62f8a0859083]   [1m[36mTRANSACTION (0.1ms)[0m  [1m[36mbegin transaction[0m
[ActiveJob] [ActiveStorage::AnalyzeJob] [c6aedde7-bc17-4c17-a933-62f8a0859083]   [1m[36mActiveStorage::Blob Update (0.4ms)[0m  [1m[33mUPDATE "active_storage_blobs" SET "metadata" = ? WHERE "active_storage_blobs"."id" = ?[0m  [["metadata", "{\"identified\":true,\"analyzed\":true}"], ["id", 4]]
[ActiveJob] [ActiveStorage::AnalyzeJob] [c6aedde7-bc17-4c17-a933-62f8a0859083]   [1m[36mTRANSACTION (6.9ms)[0m  [1m[36mcommit transaction[0m
Started GET "/products/4" for 127.0.0.1 at 2021-11-15 16:37:06 +0700
[ActiveJob] [ActiveStorage::AnalyzeJob] [c6aedde7-bc17-4c17-a933-62f8a0859083] Performed ActiveStorage::AnalyzeJob (Job ID: c6aedde7-bc17-4c17-a933-62f8a0859083) from Async(default) in 20.01ms
Processing by ProductsController#show as HTML
  Parameters: {"id"=>"4"}
  [1m[36mProduct Load (0.2ms)[0m  [1m[34mSELECT "products".* FROM "products" WHERE "products"."id" = ? LIMIT ?[0m  [["id", 4], ["LIMIT", 1]]
  ↳ app/controllers/products_controller.rb:57:in `set_product'
  Rendering layout layouts/application.html.erb
  Rendering products/show.html.erb within layouts/application
  Rendered products/show.html.erb within layouts/application (Duration: 0.5ms | Allocations: 115)
[Webpacker] Everything's up-to-date. Nothing to do
  Rendered home/_header.html.erb (Duration: 0.6ms | Allocations: 194)
  Rendered layout layouts/application.html.erb (Duration: 6.9ms | Allocations: 3279)
Completed 200 OK in 10ms (Views: 7.7ms | ActiveRecord: 0.2ms | Allocations: 4286)


Started GET "/products" for 127.0.0.1 at 2021-11-15 16:37:07 +0700
Processing by ProductsController#index as HTML
  Rendering layout layouts/application.html.erb
  Rendering products/index.html.erb within layouts/application
  [1m[36mProduct Load (0.3ms)[0m  [1m[34mSELECT "products".* FROM "products" ORDER BY created_at DESC LIMIT ? OFFSET ?[0m  [["LIMIT", 3], ["OFFSET", 0]]
  ↳ app/views/products/index.html.erb:17
  [1m[36mActiveStorage::Attachment Load (0.2ms)[0m  [1m[34mSELECT "active_storage_attachments".* FROM "active_storage_attachments" WHERE "active_storage_attachments"."record_id" = ? AND "active_storage_attachments"."record_type" = ? AND "active_storage_attachments"."name" = ? LIMIT ?[0m  [["record_id", 4], ["record_type", "Product"], ["name", "image"], ["LIMIT", 1]]
  ↳ app/views/products/index.html.erb:23
  [1m[36mActiveStorage::Blob Load (0.2ms)[0m  [1m[34mSELECT "active_storage_blobs".* FROM "active_storage_blobs" WHERE "active_storage_blobs"."id" = ? LIMIT ?[0m  [["id", 4], ["LIMIT", 1]]
  ↳ app/views/products/index.html.erb:23
  [1m[36mActiveStorage::Attachment Load (0.2ms)[0m  [1m[34mSELECT "active_storage_attachments".* FROM "active_storage_attachments" WHERE "active_storage_attachments"."record_id" = ? AND "active_storage_attachments"."record_type" = ? AND "active_storage_attachments"."name" = ? LIMIT ?[0m  [["record_id", 3], ["record_type", "Product"], ["name", "image"], ["LIMIT", 1]]
  ↳ app/views/products/index.html.erb:23
  [1m[36mActiveStorage::Blob Load (0.2ms)[0m  [1m[34mSELECT "active_storage_blobs".* FROM "active_storage_blobs" WHERE "active_storage_blobs"."id" = ? LIMIT ?[0m  [["id", 3], ["LIMIT", 1]]
  ↳ app/views/products/index.html.erb:23
  [1m[36mActiveStorage::Attachment Load (0.2ms)[0m  [1m[34mSELECT "active_storage_attachments".* FROM "active_storage_attachments" WHERE "active_storage_attachments"."record_id" = ? AND "active_storage_attachments"."record_type" = ? AND "active_storage_attachments"."name" = ? LIMIT ?[0m  [["record_id", 2], ["record_type", "Product"], ["name", "image"], ["LIMIT", 1]]
  ↳ app/views/products/index.html.erb:23
  [1m[36mActiveStorage::Blob Load (0.1ms)[0m  [1m[34mSELECT "active_storage_blobs".* FROM "active_storage_blobs" WHERE "active_storage_blobs"."id" = ? LIMIT ?[0m  [["id", 2], ["LIMIT", 1]]
  ↳ app/views/products/index.html.erb:23
  [1m[35m (0.2ms)[0m  [1m[34mSELECT COUNT(*) FROM "products"[0m
  ↳ app/views/products/index.html.erb:35
  Rendered products/index.html.erb within layouts/application (Duration: 35.7ms | Allocations: 9520)
[Webpacker] Everything's up-to-date. Nothing to do
  Rendered home/_header.html.erb (Duration: 0.8ms | Allocations: 217)
  Rendered layout layouts/application.html.erb (Duration: 42.6ms | Allocations: 12750)
Completed 200 OK in 45ms (Views: 41.8ms | ActiveRecord: 1.6ms | Allocations: 13319)


Started GET "/rails/active_storage/blobs/redirect/eyJfcmFpbHMiOnsibWVzc2FnZSI6IkJBaHBDUT09IiwiZXhwIjpudWxsLCJwdXIiOiJibG9iX2lkIn19--4ea36d0fc55ef3f71a4c712bd25d0b50d626d531/shopping.png" for 127.0.0.1 at 2021-11-15 16:37:07 +0700
Processing by ActiveStorage::Blobs::RedirectController#show as PNG
  Parameters: {"signed_id"=>"eyJfcmFpbHMiOnsibWVzc2FnZSI6IkJBaHBDUT09IiwiZXhwIjpudWxsLCJwdXIiOiJibG9iX2lkIn19--4ea36d0fc55ef3f71a4c712bd25d0b50d626d531", "filename"=>"shopping"}
  [1m[36mActiveStorage::Blob Load (0.2ms)[0m  [1m[34mSELECT "active_storage_blobs".* FROM "active_storage_blobs" WHERE "active_storage_blobs"."id" = ? LIMIT ?[0m  [["id", 4], ["LIMIT", 1]]
[36m  Disk Storage (0.7ms) [0m[34mGenerated URL for file at key: akadwxw2tqv4bspkdkk52enxbb2x (http://127.0.0.1:3000/rails/active_storage/disk/eyJfcmFpbHMiOnsibWVzc2FnZSI6IkJBaDdDVG9JYTJWNVNTSWhZV3RoWkhkNGR6SjBjWFkwWW5Od2EyUnJhelV5Wlc1NFltSXllQVk2QmtWVU9oQmthWE53YjNOcGRHbHZia2tpUTJsdWJHbHVaVHNnWm1sc1pXNWhiV1U5SW5Ob2IzQndhVzVuTG5CdVp5STdJR1pwYkdWdVlXMWxLajFWVkVZdE9DY25jMmh2Y0hCcGJtY3VjRzVuQmpzR1ZEb1JZMjl1ZEdWdWRGOTBlWEJsU1NJT2FXMWhaMlV2Y0c1bkJqc0dWRG9SYzJWeWRtbGpaVjl1WVcxbE9ncHNiMk5oYkE9PSIsImV4cCI6IjIwMjEtMTEtMTVUMDk6NDI6MDcuODYwWiIsInB1ciI6ImJsb2Jfa2V5In19--0c22e245cae2cf46d1a5d81a415e44df3f658055/shopping.png)[0m
Redirected to http://127.0.0.1:3000/rails/active_storage/disk/eyJfcmFpbHMiOnsibWVzc2FnZSI6IkJBaDdDVG9JYTJWNVNTSWhZV3RoWkhkNGR6SjBjWFkwWW5Od2EyUnJhelV5Wlc1NFltSXllQVk2QmtWVU9oQmthWE53YjNOcGRHbHZia2tpUTJsdWJHbHVaVHNnWm1sc1pXNWhiV1U5SW5Ob2IzQndhVzVuTG5CdVp5STdJR1pwYkdWdVlXMWxLajFWVkVZdE9DY25jMmh2Y0hCcGJtY3VjRzVuQmpzR1ZEb1JZMjl1ZEdWdWRGOTBlWEJsU1NJT2FXMWhaMlV2Y0c1bkJqc0dWRG9SYzJWeWRtbGpaVjl1WVcxbE9ncHNiMk5oYkE9PSIsImV4cCI6IjIwMjEtMTEtMTVUMDk6NDI6MDcuODYwWiIsInB1ciI6ImJsb2Jfa2V5In19--0c22e245cae2cf46d1a5d81a415e44df3f658055/shopping.png
Completed 302 Found in 6ms (ActiveRecord: 0.2ms | Allocations: 1479)


Started GET "/rails/active_storage/disk/eyJfcmFpbHMiOnsibWVzc2FnZSI6IkJBaDdDVG9JYTJWNVNTSWhlR05sT1hodmFURXpaVzh4ZHpWdmMyRmhjSEl3ZFhCc2FuZHdNUVk2QmtWVU9oQmthWE53YjNOcGRHbHZia2tpT1dsdWJHbHVaVHNnWm1sc1pXNWhiV1U5SW1sd0xtcHdaV2NpT3lCbWFXeGxibUZ0WlNvOVZWUkdMVGduSjJsd0xtcHdaV2NHT3daVU9oRmpiMjUwWlc1MFgzUjVjR1ZKSWc5cGJXRm5aUzlxY0dWbkJqc0dWRG9SYzJWeWRtbGpaVjl1WVcxbE9ncHNiMk5oYkE9PSIsImV4cCI6IjIwMjEtMTEtMTVUMDk6NDE6MzcuNTk4WiIsInB1ciI6ImJsb2Jfa2V5In19--117d247c6c2d92cedc4ebb32f784d36f3c80990a/ip.jpeg" for 127.0.0.1 at 2021-11-15 16:37:07 +0700
Started GET "/rails/active_storage/disk/eyJfcmFpbHMiOnsibWVzc2FnZSI6IkJBaDdDVG9JYTJWNVNTSWhNMkZrY0RZNU9UUnFOVFoxYnpSc2FqSXlaMk0xYzNReGVtcHJOZ1k2QmtWVU9oQmthWE53YjNOcGRHbHZia2tpUldsdWJHbHVaVHNnWm1sc1pXNWhiV1U5SW1SdmQyNXNiMkZrTG1wd1pXY2lPeUJtYVd4bGJtRnRaU285VlZSR0xUZ25KMlJ2ZDI1c2IyRmtMbXB3WldjR093WlVPaEZqYjI1MFpXNTBYM1I1Y0dWSklnOXBiV0ZuWlM5cWNHVm5CanNHVkRvUmMyVnlkbWxqWlY5dVlXMWxPZ3BzYjJOaGJBPT0iLCJleHAiOiIyMDIxLTExLTE1VDA5OjQxOjAzLjIzN1oiLCJwdXIiOiJibG9iX2tleSJ9fQ==--7f84a914aba7e5ea605323016b930805e9e36924/download.jpeg" for 127.0.0.1 at 2021-11-15 16:37:07 +0700
Processing by ActiveStorage::DiskController#show as JPEG
  Parameters: {"encoded_key"=>"[FILTERED]", "filename"=>"ip"}
Processing by ActiveStorage::DiskController#show as JPEG
  Parameters: {"encoded_key"=>"[FILTERED]", "filename"=>"download"}
Completed 200 OK in 3ms (ActiveRecord: 0.0ms | Allocations: 540)


Completed 200 OK in 2ms (ActiveRecord: 0.0ms | Allocations: 541)


Started GET "/rails/active_storage/disk/eyJfcmFpbHMiOnsibWVzc2FnZSI6IkJBaDdDVG9JYTJWNVNTSWhZV3RoWkhkNGR6SjBjWFkwWW5Od2EyUnJhelV5Wlc1NFltSXllQVk2QmtWVU9oQmthWE53YjNOcGRHbHZia2tpUTJsdWJHbHVaVHNnWm1sc1pXNWhiV1U5SW5Ob2IzQndhVzVuTG5CdVp5STdJR1pwYkdWdVlXMWxLajFWVkVZdE9DY25jMmh2Y0hCcGJtY3VjRzVuQmpzR1ZEb1JZMjl1ZEdWdWRGOTBlWEJsU1NJT2FXMWhaMlV2Y0c1bkJqc0dWRG9SYzJWeWRtbGpaVjl1WVcxbE9ncHNiMk5oYkE9PSIsImV4cCI6IjIwMjEtMTEtMTVUMDk6NDI6MDcuODYwWiIsInB1ciI6ImJsb2Jfa2V5In19--0c22e245cae2cf46d1a5d81a415e44df3f658055/shopping.png" for 127.0.0.1 at 2021-11-15 16:37:08 +0700
Processing by ActiveStorage::DiskController#show as PNG
  Parameters: {"encoded_key"=>"[FILTERED]", "filename"=>"shopping"}
Completed 200 OK in 1ms (ActiveRecord: 0.0ms | Allocations: 313)


Started GET "/products?page=2" for 127.0.0.1 at 2021-11-15 16:37:14 +0700
Processing by ProductsController#index as HTML
  Parameters: {"page"=>"2"}
  Rendering layout layouts/application.html.erb
  Rendering products/index.html.erb within layouts/application
  [1m[36mProduct Load (0.3ms)[0m  [1m[34mSELECT "products".* FROM "products" ORDER BY created_at DESC LIMIT ? OFFSET ?[0m  [["LIMIT", 3], ["OFFSET", 3]]
  ↳ app/views/products/index.html.erb:17
  [1m[36mActiveStorage::Attachment Load (0.1ms)[0m  [1m[34mSELECT "active_storage_attachments".* FROM "active_storage_attachments" WHERE "active_storage_attachments"."record_id" = ? AND "active_storage_attachments"."record_type" = ? AND "active_storage_attachments"."name" = ? LIMIT ?[0m  [["record_id", 1], ["record_type", "Product"], ["name", "image"], ["LIMIT", 1]]
  ↳ app/views/products/index.html.erb:23
  [1m[36mActiveStorage::Blob Load (0.2ms)[0m  [1m[34mSELECT "active_storage_blobs".* FROM "active_storage_blobs" WHERE "active_storage_blobs"."id" = ? LIMIT ?[0m  [["id", 1], ["LIMIT", 1]]
  ↳ app/views/products/index.html.erb:23
  Rendered products/index.html.erb within layouts/application (Duration: 12.0ms | Allocations: 3827)
[Webpacker] Everything's up-to-date. Nothing to do
  Rendered home/_header.html.erb (Duration: 0.6ms | Allocations: 217)
  Rendered layout layouts/application.html.erb (Duration: 20.8ms | Allocations: 7194)
Completed 200 OK in 23ms (Views: 20.8ms | ActiveRecord: 0.6ms | Allocations: 7762)


Started GET "/rails/active_storage/disk/eyJfcmFpbHMiOnsibWVzc2FnZSI6IkJBaDdDVG9JYTJWNVNTSWhhelEwWW1sNU1IZzNiWFF5YzJNMmJ6WnhjMlpzZVROeFptVnJOZ1k2QmtWVU9oQmthWE53YjNOcGRHbHZia2tpT1dsdWJHbHVaVHNnWm1sc1pXNWhiV1U5SW5ObExtcHdaV2NpT3lCbWFXeGxibUZ0WlNvOVZWUkdMVGduSjNObExtcHdaV2NHT3daVU9oRmpiMjUwWlc1MFgzUjVjR1ZKSWc5cGJXRm5aUzlxY0dWbkJqc0dWRG9SYzJWeWRtbGpaVjl1WVcxbE9ncHNiMk5oYkE9PSIsImV4cCI6IjIwMjEtMTEtMTVUMDk6NDA6MzcuMDQ1WiIsInB1ciI6ImJsb2Jfa2V5In19--625b30baa4701455be0ef623054e1ae9f6e96067/se.jpeg" for 127.0.0.1 at 2021-11-15 16:37:14 +0700
Processing by ActiveStorage::DiskController#show as JPEG
  Parameters: {"encoded_key"=>"[FILTERED]", "filename"=>"se"}
Completed 200 OK in 1ms (ActiveRecord: 0.0ms | Allocations: 313)


Started GET "/rails/active_storage/disk/eyJfcmFpbHMiOnsibWVzc2FnZSI6IkJBaDdDVG9JYTJWNVNTSWhZV3RoWkhkNGR6SjBjWFkwWW5Od2EyUnJhelV5Wlc1NFltSXllQVk2QmtWVU9oQmthWE53YjNOcGRHbHZia2tpUTJsdWJHbHVaVHNnWm1sc1pXNWhiV1U5SW5Ob2IzQndhVzVuTG5CdVp5STdJR1pwYkdWdVlXMWxLajFWVkVZdE9DY25jMmh2Y0hCcGJtY3VjRzVuQmpzR1ZEb1JZMjl1ZEdWdWRGOTBlWEJsU1NJT2FXMWhaMlV2Y0c1bkJqc0dWRG9SYzJWeWRtbGpaVjl1WVcxbE9ncHNiMk5oYkE9PSIsImV4cCI6IjIwMjEtMTEtMTVUMDk6NDI6MDcuODYwWiIsInB1ciI6ImJsb2Jfa2V5In19--0c22e245cae2cf46d1a5d81a415e44df3f658055/shopping.png" for 127.0.0.1 at 2021-11-15 16:37:14 +0700
Started GET "/rails/active_storage/disk/eyJfcmFpbHMiOnsibWVzc2FnZSI6IkJBaDdDVG9JYTJWNVNTSWhNMkZrY0RZNU9UUnFOVFoxYnpSc2FqSXlaMk0xYzNReGVtcHJOZ1k2QmtWVU9oQmthWE53YjNOcGRHbHZia2tpUldsdWJHbHVaVHNnWm1sc1pXNWhiV1U5SW1SdmQyNXNiMkZrTG1wd1pXY2lPeUJtYVd4bGJtRnRaU285VlZSR0xUZ25KMlJ2ZDI1c2IyRmtMbXB3WldjR093WlVPaEZqYjI1MFpXNTBYM1I1Y0dWSklnOXBiV0ZuWlM5cWNHVm5CanNHVkRvUmMyVnlkbWxqWlY5dVlXMWxPZ3BzYjJOaGJBPT0iLCJleHAiOiIyMDIxLTExLTE1VDA5OjQxOjAzLjIzN1oiLCJwdXIiOiJibG9iX2tleSJ9fQ==--7f84a914aba7e5ea605323016b930805e9e36924/download.jpeg" for 127.0.0.1 at 2021-11-15 16:37:14 +0700
Processing by ActiveStorage::DiskController#show as JPEG
  Parameters: {"encoded_key"=>"[FILTERED]", "filename"=>"download"}
Started GET "/rails/active_storage/disk/eyJfcmFpbHMiOnsibWVzc2FnZSI6IkJBaDdDVG9JYTJWNVNTSWhlR05sT1hodmFURXpaVzh4ZHpWdmMyRmhjSEl3ZFhCc2FuZHdNUVk2QmtWVU9oQmthWE53YjNOcGRHbHZia2tpT1dsdWJHbHVaVHNnWm1sc1pXNWhiV1U5SW1sd0xtcHdaV2NpT3lCbWFXeGxibUZ0WlNvOVZWUkdMVGduSjJsd0xtcHdaV2NHT3daVU9oRmpiMjUwWlc1MFgzUjVjR1ZKSWc5cGJXRm5aUzlxY0dWbkJqc0dWRG9SYzJWeWRtbGpaVjl1WVcxbE9ncHNiMk5oYkE9PSIsImV4cCI6IjIwMjEtMTEtMTVUMDk6NDE6MzcuNTk4WiIsInB1ciI6ImJsb2Jfa2V5In19--117d247c6c2d92cedc4ebb32f784d36f3c80990a/ip.jpeg" for 127.0.0.1 at 2021-11-15 16:37:14 +0700
Processing by ActiveStorage::DiskController#show as JPEG
  Parameters: {"encoded_key"=>"[FILTERED]", "filename"=>"ip"}
Completed 200 OK in 1ms (ActiveRecord: 0.0ms | Allocations: 313)


Completed 200 OK in 7ms (ActiveRecord: 0.0ms | Allocations: 2771)


Processing by ActiveStorage::DiskController#show as PNG
  Parameters: {"encoded_key"=>"[FILTERED]", "filename"=>"shopping"}
Completed 200 OK in 1ms (ActiveRecord: 0.0ms | Allocations: 313)


Started GET "/products/new" for 127.0.0.1 at 2021-11-15 16:37:18 +0700
Processing by ProductsController#new as HTML
  Rendering layout layouts/application.html.erb
  Rendering products/new.html.erb within layouts/application
  Rendered products/_form.html.erb (Duration: 3.2ms | Allocations: 1224)
  Rendered products/new.html.erb within layouts/application (Duration: 3.7ms | Allocations: 1337)
[Webpacker] Everything's up-to-date. Nothing to do
  Rendered home/_header.html.erb (Duration: 0.6ms | Allocations: 200)
  Rendered layout layouts/application.html.erb (Duration: 19.4ms | Allocations: 5076)
Completed 200 OK in 21ms (Views: 20.2ms | ActiveRecord: 0.0ms | Allocations: 5542)


Started GET "/rails/active_storage/disk/eyJfcmFpbHMiOnsibWVzc2FnZSI6IkJBaDdDVG9JYTJWNVNTSWhhelEwWW1sNU1IZzNiWFF5YzJNMmJ6WnhjMlpzZVROeFptVnJOZ1k2QmtWVU9oQmthWE53YjNOcGRHbHZia2tpT1dsdWJHbHVaVHNnWm1sc1pXNWhiV1U5SW5ObExtcHdaV2NpT3lCbWFXeGxibUZ0WlNvOVZWUkdMVGduSjNObExtcHdaV2NHT3daVU9oRmpiMjUwWlc1MFgzUjVjR1ZKSWc5cGJXRm5aUzlxY0dWbkJqc0dWRG9SYzJWeWRtbGpaVjl1WVcxbE9ncHNiMk5oYkE9PSIsImV4cCI6IjIwMjEtMTEtMTVUMDk6NDA6MzcuMDQ1WiIsInB1ciI6ImJsb2Jfa2V5In19--625b30baa4701455be0ef623054e1ae9f6e96067/se.jpeg" for 127.0.0.1 at 2021-11-15 16:37:18 +0700
Processing by ActiveStorage::DiskController#show as JPEG
  Parameters: {"encoded_key"=>"[FILTERED]", "filename"=>"se"}
Completed 200 OK in 1ms (ActiveRecord: 0.0ms | Allocations: 313)


Started GET "/" for 127.0.0.1 at 2021-11-15 16:37:19 +0700
Processing by HomeController#index as HTML
  Rendering layout layouts/application.html.erb
  Rendering home/index.html.erb within layouts/application
  Rendered home/index.html.erb within layouts/application (Duration: 0.6ms | Allocations: 144)
[Webpacker] Everything's up-to-date. Nothing to do
  Rendered home/_header.html.erb (Duration: 0.8ms | Allocations: 283)
  Rendered layout layouts/application.html.erb (Duration: 7.8ms | Allocations: 3601)
Completed 200 OK in 12ms (Views: 10.1ms | ActiveRecord: 0.0ms | Allocations: 4860)


Started GET "/products?search=dareu&commit=Search" for 127.0.0.1 at 2021-11-15 16:37:26 +0700
Processing by ProductsController#index as HTML
  Parameters: {"search"=>"dareu", "commit"=>"Search"}
  Rendering layout layouts/application.html.erb
  Rendering products/index.html.erb within layouts/application
  [1m[36mProduct Load (0.4ms)[0m  [1m[34mSELECT "products".* FROM "products" WHERE (title  LIKE '%dareu%') ORDER BY created_at DESC LIMIT ? OFFSET ?[0m  [["LIMIT", 3], ["OFFSET", 0]]
  ↳ app/views/products/index.html.erb:17
  [1m[36mActiveStorage::Attachment Load (0.2ms)[0m  [1m[34mSELECT "active_storage_attachments".* FROM "active_storage_attachments" WHERE "active_storage_attachments"."record_id" = ? AND "active_storage_attachments"."record_type" = ? AND "active_storage_attachments"."name" = ? LIMIT ?[0m  [["record_id", 2], ["record_type", "Product"], ["name", "image"], ["LIMIT", 1]]
  ↳ app/views/products/index.html.erb:23
  [1m[36mActiveStorage::Blob Load (0.2ms)[0m  [1m[34mSELECT "active_storage_blobs".* FROM "active_storage_blobs" WHERE "active_storage_blobs"."id" = ? LIMIT ?[0m  [["id", 2], ["LIMIT", 1]]
  ↳ app/views/products/index.html.erb:23
  Rendered products/index.html.erb within layouts/application (Duration: 13.6ms | Allocations: 3206)
[Webpacker] Everything's up-to-date. Nothing to do
  Rendered home/_header.html.erb (Duration: 0.6ms | Allocations: 218)
  Rendered layout layouts/application.html.erb (Duration: 20.4ms | Allocations: 6450)
Completed 200 OK in 23ms (Views: 20.2ms | ActiveRecord: 0.8ms | Allocations: 7144)


Started GET "/rails/active_storage/disk/eyJfcmFpbHMiOnsibWVzc2FnZSI6IkJBaDdDVG9JYTJWNVNTSWhNMkZrY0RZNU9UUnFOVFoxYnpSc2FqSXlaMk0xYzNReGVtcHJOZ1k2QmtWVU9oQmthWE53YjNOcGRHbHZia2tpUldsdWJHbHVaVHNnWm1sc1pXNWhiV1U5SW1SdmQyNXNiMkZrTG1wd1pXY2lPeUJtYVd4bGJtRnRaU285VlZSR0xUZ25KMlJ2ZDI1c2IyRmtMbXB3WldjR093WlVPaEZqYjI1MFpXNTBYM1I1Y0dWSklnOXBiV0ZuWlM5cWNHVm5CanNHVkRvUmMyVnlkbWxqWlY5dVlXMWxPZ3BzYjJOaGJBPT0iLCJleHAiOiIyMDIxLTExLTE1VDA5OjQxOjAzLjIzN1oiLCJwdXIiOiJibG9iX2tleSJ9fQ==--7f84a914aba7e5ea605323016b930805e9e36924/download.jpeg" for 127.0.0.1 at 2021-11-15 16:37:26 +0700
Processing by ActiveStorage::DiskController#show as JPEG
  Parameters: {"encoded_key"=>"[FILTERED]", "filename"=>"download"}
Completed 200 OK in 1ms (ActiveRecord: 0.0ms | Allocations: 335)


Started GET "/products?search=ip&commit=Search" for 127.0.0.1 at 2021-11-15 16:37:30 +0700
Processing by ProductsController#index as HTML
  Parameters: {"search"=>"ip", "commit"=>"Search"}
  Rendering layout layouts/application.html.erb
  Rendering products/index.html.erb within layouts/application
  [1m[36mProduct Load (0.6ms)[0m  [1m[34mSELECT "products".* FROM "products" WHERE (title  LIKE '%ip%') ORDER BY created_at DESC LIMIT ? OFFSET ?[0m  [["LIMIT", 3], ["OFFSET", 0]]
  ↳ app/views/products/index.html.erb:17
  [1m[36mActiveStorage::Attachment Load (0.3ms)[0m  [1m[34mSELECT "active_storage_attachments".* FROM "active_storage_attachments" WHERE "active_storage_attachments"."record_id" = ? AND "active_storage_attachments"."record_type" = ? AND "active_storage_attachments"."name" = ? LIMIT ?[0m  [["record_id", 3], ["record_type", "Product"], ["name", "image"], ["LIMIT", 1]]
  ↳ app/views/products/index.html.erb:23
  [1m[36mActiveStorage::Blob Load (0.4ms)[0m  [1m[34mSELECT "active_storage_blobs".* FROM "active_storage_blobs" WHERE "active_storage_blobs"."id" = ? LIMIT ?[0m  [["id", 3], ["LIMIT", 1]]
  ↳ app/views/products/index.html.erb:23
  [1m[36mActiveStorage::Attachment Load (0.2ms)[0m  [1m[34mSELECT "active_storage_attachments".* FROM "active_storage_attachments" WHERE "active_storage_attachments"."record_id" = ? AND "active_storage_attachments"."record_type" = ? AND "active_storage_attachments"."name" = ? LIMIT ?[0m  [["record_id", 1], ["record_type", "Product"], ["name", "image"], ["LIMIT", 1]]
  ↳ app/views/products/index.html.erb:23
  [1m[36mActiveStorage::Blob Load (0.1ms)[0m  [1m[34mSELECT "active_storage_blobs".* FROM "active_storage_blobs" WHERE "active_storage_blobs"."id" = ? LIMIT ?[0m  [["id", 1], ["LIMIT", 1]]
  ↳ app/views/products/index.html.erb:23
  Rendered products/index.html.erb within layouts/application (Duration: 19.3ms | Allocations: 5125)
[Webpacker] Everything's up-to-date. Nothing to do
  Rendered home/_header.html.erb (Duration: 0.5ms | Allocations: 218)
  Rendered layout layouts/application.html.erb (Duration: 26.6ms | Allocations: 8357)
Completed 200 OK in 29ms (Views: 25.8ms | ActiveRecord: 1.6ms | Allocations: 8949)


Started GET "/rails/active_storage/disk/eyJfcmFpbHMiOnsibWVzc2FnZSI6IkJBaDdDVG9JYTJWNVNTSWhlR05sT1hodmFURXpaVzh4ZHpWdmMyRmhjSEl3ZFhCc2FuZHdNUVk2QmtWVU9oQmthWE53YjNOcGRHbHZia2tpT1dsdWJHbHVaVHNnWm1sc1pXNWhiV1U5SW1sd0xtcHdaV2NpT3lCbWFXeGxibUZ0WlNvOVZWUkdMVGduSjJsd0xtcHdaV2NHT3daVU9oRmpiMjUwWlc1MFgzUjVjR1ZKSWc5cGJXRm5aUzlxY0dWbkJqc0dWRG9SYzJWeWRtbGpaVjl1WVcxbE9ncHNiMk5oYkE9PSIsImV4cCI6IjIwMjEtMTEtMTVUMDk6NDE6MzcuNTk4WiIsInB1ciI6ImJsb2Jfa2V5In19--117d247c6c2d92cedc4ebb32f784d36f3c80990a/ip.jpeg" for 127.0.0.1 at 2021-11-15 16:37:30 +0700
Started GET "/rails/active_storage/disk/eyJfcmFpbHMiOnsibWVzc2FnZSI6IkJBaDdDVG9JYTJWNVNTSWhhelEwWW1sNU1IZzNiWFF5YzJNMmJ6WnhjMlpzZVROeFptVnJOZ1k2QmtWVU9oQmthWE53YjNOcGRHbHZia2tpT1dsdWJHbHVaVHNnWm1sc1pXNWhiV1U5SW5ObExtcHdaV2NpT3lCbWFXeGxibUZ0WlNvOVZWUkdMVGduSjNObExtcHdaV2NHT3daVU9oRmpiMjUwWlc1MFgzUjVjR1ZKSWc5cGJXRm5aUzlxY0dWbkJqc0dWRG9SYzJWeWRtbGpaVjl1WVcxbE9ncHNiMk5oYkE9PSIsImV4cCI6IjIwMjEtMTEtMTVUMDk6NDA6MzcuMDQ1WiIsInB1ciI6ImJsb2Jfa2V5In19--625b30baa4701455be0ef623054e1ae9f6e96067/se.jpeg" for 127.0.0.1 at 2021-11-15 16:37:30 +0700
Processing by ActiveStorage::DiskController#show as JPEG
Processing by ActiveStorage::DiskController#show as JPEG
  Parameters: {"encoded_key"=>"[FILTERED]", "filename"=>"ip"}
  Parameters: {"encoded_key"=>"[FILTERED]", "filename"=>"se"}
Completed 200 OK in 2ms (ActiveRecord: 0.0ms | Allocations: 589)


Completed 200 OK in 1ms (ActiveRecord: 0.0ms | Allocations: 380)


Started GET "/products?search=&commit=Search" for 127.0.0.1 at 2021-11-15 16:37:38 +0700
Processing by ProductsController#index as HTML
  Parameters: {"search"=>"", "commit"=>"Search"}
  Rendering layout layouts/application.html.erb
  Rendering products/index.html.erb within layouts/application
  [1m[36mProduct Load (0.4ms)[0m  [1m[34mSELECT "products".* FROM "products" WHERE (title  LIKE '%%') ORDER BY created_at DESC LIMIT ? OFFSET ?[0m  [["LIMIT", 3], ["OFFSET", 0]]
  ↳ app/views/products/index.html.erb:17
  [1m[36mActiveStorage::Attachment Load (0.1ms)[0m  [1m[34mSELECT "active_storage_attachments".* FROM "active_storage_attachments" WHERE "active_storage_attachments"."record_id" = ? AND "active_storage_attachments"."record_type" = ? AND "active_storage_attachments"."name" = ? LIMIT ?[0m  [["record_id", 4], ["record_type", "Product"], ["name", "image"], ["LIMIT", 1]]
  ↳ app/views/products/index.html.erb:23
  [1m[36mActiveStorage::Blob Load (0.2ms)[0m  [1m[34mSELECT "active_storage_blobs".* FROM "active_storage_blobs" WHERE "active_storage_blobs"."id" = ? LIMIT ?[0m  [["id", 4], ["LIMIT", 1]]
  ↳ app/views/products/index.html.erb:23
  [1m[36mActiveStorage::Attachment Load (0.2ms)[0m  [1m[34mSELECT "active_storage_attachments".* FROM "active_storage_attachments" WHERE "active_storage_attachments"."record_id" = ? AND "active_storage_attachments"."record_type" = ? AND "active_storage_attachments"."name" = ? LIMIT ?[0m  [["record_id", 3], ["record_type", "Product"], ["name", "image"], ["LIMIT", 1]]
  ↳ app/views/products/index.html.erb:23
  [1m[36mActiveStorage::Blob Load (0.2ms)[0m  [1m[34mSELECT "active_storage_blobs".* FROM "active_storage_blobs" WHERE "active_storage_blobs"."id" = ? LIMIT ?[0m  [["id", 3], ["LIMIT", 1]]
  ↳ app/views/products/index.html.erb:23
  [1m[36mActiveStorage::Attachment Load (0.2ms)[0m  [1m[34mSELECT "active_storage_attachments".* FROM "active_storage_attachments" WHERE "active_storage_attachments"."record_id" = ? AND "active_storage_attachments"."record_type" = ? AND "active_storage_attachments"."name" = ? LIMIT ?[0m  [["record_id", 2], ["record_type", "Product"], ["name", "image"], ["LIMIT", 1]]
  ↳ app/views/products/index.html.erb:23
  [1m[36mActiveStorage::Blob Load (0.2ms)[0m  [1m[34mSELECT "active_storage_blobs".* FROM "active_storage_blobs" WHERE "active_storage_blobs"."id" = ? LIMIT ?[0m  [["id", 2], ["LIMIT", 1]]
  ↳ app/views/products/index.html.erb:23
  [1m[35m (0.2ms)[0m  [1m[34mSELECT COUNT(*) FROM "products" WHERE (title  LIKE '%%')[0m
  ↳ app/views/products/index.html.erb:35
  Rendered products/index.html.erb within layouts/application (Duration: 31.6ms | Allocations: 8527)
[Webpacker] Everything's up-to-date. Nothing to do
  Rendered home/_header.html.erb (Duration: 0.5ms | Allocations: 217)
  Rendered layout layouts/application.html.erb (Duration: 38.5ms | Allocations: 11769)
Completed 200 OK in 41ms (Views: 37.7ms | ActiveRecord: 1.7ms | Allocations: 12362)


Started GET "/rails/active_storage/disk/eyJfcmFpbHMiOnsibWVzc2FnZSI6IkJBaDdDVG9JYTJWNVNTSWhZV3RoWkhkNGR6SjBjWFkwWW5Od2EyUnJhelV5Wlc1NFltSXllQVk2QmtWVU9oQmthWE53YjNOcGRHbHZia2tpUTJsdWJHbHVaVHNnWm1sc1pXNWhiV1U5SW5Ob2IzQndhVzVuTG5CdVp5STdJR1pwYkdWdVlXMWxLajFWVkVZdE9DY25jMmh2Y0hCcGJtY3VjRzVuQmpzR1ZEb1JZMjl1ZEdWdWRGOTBlWEJsU1NJT2FXMWhaMlV2Y0c1bkJqc0dWRG9SYzJWeWRtbGpaVjl1WVcxbE9ncHNiMk5oYkE9PSIsImV4cCI6IjIwMjEtMTEtMTVUMDk6NDI6MDcuODYwWiIsInB1ciI6ImJsb2Jfa2V5In19--0c22e245cae2cf46d1a5d81a415e44df3f658055/shopping.png" for 127.0.0.1 at 2021-11-15 16:37:38 +0700
Processing by ActiveStorage::DiskController#show as PNG
  Parameters: {"encoded_key"=>"[FILTERED]", "filename"=>"shopping"}
Completed 200 OK in 1ms (ActiveRecord: 0.0ms | Allocations: 313)


Started GET "/rails/active_storage/disk/eyJfcmFpbHMiOnsibWVzc2FnZSI6IkJBaDdDVG9JYTJWNVNTSWhlR05sT1hodmFURXpaVzh4ZHpWdmMyRmhjSEl3ZFhCc2FuZHdNUVk2QmtWVU9oQmthWE53YjNOcGRHbHZia2tpT1dsdWJHbHVaVHNnWm1sc1pXNWhiV1U5SW1sd0xtcHdaV2NpT3lCbWFXeGxibUZ0WlNvOVZWUkdMVGduSjJsd0xtcHdaV2NHT3daVU9oRmpiMjUwWlc1MFgzUjVjR1ZKSWc5cGJXRm5aUzlxY0dWbkJqc0dWRG9SYzJWeWRtbGpaVjl1WVcxbE9ncHNiMk5oYkE9PSIsImV4cCI6IjIwMjEtMTEtMTVUMDk6NDE6MzcuNTk4WiIsInB1ciI6ImJsb2Jfa2V5In19--117d247c6c2d92cedc4ebb32f784d36f3c80990a/ip.jpeg" for 127.0.0.1 at 2021-11-15 16:37:38 +0700
Processing by ActiveStorage::DiskController#show as JPEG
  Parameters: {"encoded_key"=>"[FILTERED]", "filename"=>"ip"}
Completed 200 OK in 1ms (ActiveRecord: 0.0ms | Allocations: 313)


Started GET "/rails/active_storage/disk/eyJfcmFpbHMiOnsibWVzc2FnZSI6IkJBaDdDVG9JYTJWNVNTSWhNMkZrY0RZNU9UUnFOVFoxYnpSc2FqSXlaMk0xYzNReGVtcHJOZ1k2QmtWVU9oQmthWE53YjNOcGRHbHZia2tpUldsdWJHbHVaVHNnWm1sc1pXNWhiV1U5SW1SdmQyNXNiMkZrTG1wd1pXY2lPeUJtYVd4bGJtRnRaU285VlZSR0xUZ25KMlJ2ZDI1c2IyRmtMbXB3WldjR093WlVPaEZqYjI1MFpXNTBYM1I1Y0dWSklnOXBiV0ZuWlM5cWNHVm5CanNHVkRvUmMyVnlkbWxqWlY5dVlXMWxPZ3BzYjJOaGJBPT0iLCJleHAiOiIyMDIxLTExLTE1VDA5OjQxOjAzLjIzN1oiLCJwdXIiOiJibG9iX2tleSJ9fQ==--7f84a914aba7e5ea605323016b930805e9e36924/download.jpeg" for 127.0.0.1 at 2021-11-15 16:37:38 +0700
Processing by ActiveStorage::DiskController#show as JPEG
  Parameters: {"encoded_key"=>"[FILTERED]", "filename"=>"download"}
Completed 200 OK in 1ms (ActiveRecord: 0.0ms | Allocations: 313)


Started GET "/products?commit=Search&page=2&search=" for 127.0.0.1 at 2021-11-15 16:39:43 +0700
Processing by ProductsController#index as HTML
  Parameters: {"commit"=>"Search", "page"=>"2", "search"=>""}
  Rendering layout layouts/application.html.erb
  Rendering products/index.html.erb within layouts/application
  [1m[36mProduct Load (0.6ms)[0m  [1m[34mSELECT "products".* FROM "products" WHERE (title  LIKE '%%') ORDER BY created_at DESC LIMIT ? OFFSET ?[0m  [["LIMIT", 3], ["OFFSET", 3]]
  ↳ app/views/products/index.html.erb:17
  [1m[36mActiveStorage::Attachment Load (0.2ms)[0m  [1m[34mSELECT "active_storage_attachments".* FROM "active_storage_attachments" WHERE "active_storage_attachments"."record_id" = ? AND "active_storage_attachments"."record_type" = ? AND "active_storage_attachments"."name" = ? LIMIT ?[0m  [["record_id", 1], ["record_type", "Product"], ["name", "image"], ["LIMIT", 1]]
  ↳ app/views/products/index.html.erb:23
  [1m[36mActiveStorage::Blob Load (0.2ms)[0m  [1m[34mSELECT "active_storage_blobs".* FROM "active_storage_blobs" WHERE "active_storage_blobs"."id" = ? LIMIT ?[0m  [["id", 1], ["LIMIT", 1]]
  ↳ app/views/products/index.html.erb:23
  Rendered products/index.html.erb within layouts/application (Duration: 15.0ms | Allocations: 4029)
[Webpacker] Everything's up-to-date. Nothing to do
  Rendered home/_header.html.erb (Duration: 0.9ms | Allocations: 217)
  Rendered layout layouts/application.html.erb (Duration: 22.7ms | Allocations: 7259)
Completed 200 OK in 25ms (Views: 22.4ms | ActiveRecord: 0.9ms | Allocations: 7853)


Started GET "/rails/active_storage/disk/eyJfcmFpbHMiOnsibWVzc2FnZSI6IkJBaDdDVG9JYTJWNVNTSWhZV3RoWkhkNGR6SjBjWFkwWW5Od2EyUnJhelV5Wlc1NFltSXllQVk2QmtWVU9oQmthWE53YjNOcGRHbHZia2tpUTJsdWJHbHVaVHNnWm1sc1pXNWhiV1U5SW5Ob2IzQndhVzVuTG5CdVp5STdJR1pwYkdWdVlXMWxLajFWVkVZdE9DY25jMmh2Y0hCcGJtY3VjRzVuQmpzR1ZEb1JZMjl1ZEdWdWRGOTBlWEJsU1NJT2FXMWhaMlV2Y0c1bkJqc0dWRG9SYzJWeWRtbGpaVjl1WVcxbE9ncHNiMk5oYkE9PSIsImV4cCI6IjIwMjEtMTEtMTVUMDk6NDI6MDcuODYwWiIsInB1ciI6ImJsb2Jfa2V5In19--0c22e245cae2cf46d1a5d81a415e44df3f658055/shopping.png" for 127.0.0.1 at 2021-11-15 16:39:43 +0700
Processing by ActiveStorage::DiskController#show as PNG
  Parameters: {"encoded_key"=>"[FILTERED]", "filename"=>"shopping"}
Completed 200 OK in 1ms (ActiveRecord: 0.0ms | Allocations: 313)


Started GET "/rails/active_storage/disk/eyJfcmFpbHMiOnsibWVzc2FnZSI6IkJBaDdDVG9JYTJWNVNTSWhlR05sT1hodmFURXpaVzh4ZHpWdmMyRmhjSEl3ZFhCc2FuZHdNUVk2QmtWVU9oQmthWE53YjNOcGRHbHZia2tpT1dsdWJHbHVaVHNnWm1sc1pXNWhiV1U5SW1sd0xtcHdaV2NpT3lCbWFXeGxibUZ0WlNvOVZWUkdMVGduSjJsd0xtcHdaV2NHT3daVU9oRmpiMjUwWlc1MFgzUjVjR1ZKSWc5cGJXRm5aUzlxY0dWbkJqc0dWRG9SYzJWeWRtbGpaVjl1WVcxbE9ncHNiMk5oYkE9PSIsImV4cCI6IjIwMjEtMTEtMTVUMDk6NDE6MzcuNTk4WiIsInB1ciI6ImJsb2Jfa2V5In19--117d247c6c2d92cedc4ebb32f784d36f3c80990a/ip.jpeg" for 127.0.0.1 at 2021-11-15 16:39:43 +0700
Started GET "/rails/active_storage/disk/eyJfcmFpbHMiOnsibWVzc2FnZSI6IkJBaDdDVG9JYTJWNVNTSWhNMkZrY0RZNU9UUnFOVFoxYnpSc2FqSXlaMk0xYzNReGVtcHJOZ1k2QmtWVU9oQmthWE53YjNOcGRHbHZia2tpUldsdWJHbHVaVHNnWm1sc1pXNWhiV1U5SW1SdmQyNXNiMkZrTG1wd1pXY2lPeUJtYVd4bGJtRnRaU285VlZSR0xUZ25KMlJ2ZDI1c2IyRmtMbXB3WldjR093WlVPaEZqYjI1MFpXNTBYM1I1Y0dWSklnOXBiV0ZuWlM5cWNHVm5CanNHVkRvUmMyVnlkbWxqWlY5dVlXMWxPZ3BzYjJOaGJBPT0iLCJleHAiOiIyMDIxLTExLTE1VDA5OjQxOjAzLjIzN1oiLCJwdXIiOiJibG9iX2tleSJ9fQ==--7f84a914aba7e5ea605323016b930805e9e36924/download.jpeg" for 127.0.0.1 at 2021-11-15 16:39:43 +0700
Processing by ActiveStorage::DiskController#show as JPEG
  Parameters: {"encoded_key"=>"[FILTERED]", "filename"=>"download"}
Started GET "/rails/active_storage/disk/eyJfcmFpbHMiOnsibWVzc2FnZSI6IkJBaDdDVG9JYTJWNVNTSWhhelEwWW1sNU1IZzNiWFF5YzJNMmJ6WnhjMlpzZVROeFptVnJOZ1k2QmtWVU9oQmthWE53YjNOcGRHbHZia2tpT1dsdWJHbHVaVHNnWm1sc1pXNWhiV1U5SW5ObExtcHdaV2NpT3lCbWFXeGxibUZ0WlNvOVZWUkdMVGduSjNObExtcHdaV2NHT3daVU9oRmpiMjUwWlc1MFgzUjVjR1ZKSWc5cGJXRm5aUzlxY0dWbkJqc0dWRG9SYzJWeWRtbGpaVjl1WVcxbE9ncHNiMk5oYkE9PSIsImV4cCI6IjIwMjEtMTEtMTVUMDk6NDA6MzcuMDQ1WiIsInB1ciI6ImJsb2Jfa2V5In19--625b30baa4701455be0ef623054e1ae9f6e96067/se.jpeg" for 127.0.0.1 at 2021-11-15 16:39:43 +0700
Completed 200 OK in 2ms (ActiveRecord: 0.0ms | Allocations: 436)


Processing by ActiveStorage::DiskController#show as JPEG
  Parameters: {"encoded_key"=>"[FILTERED]", "filename"=>"ip"}
Completed 200 OK in 1ms (ActiveRecord: 0.0ms | Allocations: 313)


Processing by ActiveStorage::DiskController#show as JPEG
  Parameters: {"encoded_key"=>"[FILTERED]", "filename"=>"se"}
Completed 200 OK in 1ms (ActiveRecord: 0.0ms | Allocations: 415)


Started GET "/products?commit=Search&page=1&search=" for 127.0.0.1 at 2021-11-15 16:39:45 +0700
Processing by ProductsController#index as HTML
  Parameters: {"commit"=>"Search", "page"=>"1", "search"=>""}
  Rendering layout layouts/application.html.erb
  Rendering products/index.html.erb within layouts/application
  [1m[36mProduct Load (0.4ms)[0m  [1m[34mSELECT "products".* FROM "products" WHERE (title  LIKE '%%') ORDER BY created_at DESC LIMIT ? OFFSET ?[0m  [["LIMIT", 3], ["OFFSET", 0]]
  ↳ app/views/products/index.html.erb:17
  [1m[36mActiveStorage::Attachment Load (0.2ms)[0m  [1m[34mSELECT "active_storage_attachments".* FROM "active_storage_attachments" WHERE "active_storage_attachments"."record_id" = ? AND "active_storage_attachments"."record_type" = ? AND "active_storage_attachments"."name" = ? LIMIT ?[0m  [["record_id", 4], ["record_type", "Product"], ["name", "image"], ["LIMIT", 1]]
  ↳ app/views/products/index.html.erb:23
  [1m[36mActiveStorage::Blob Load (0.2ms)[0m  [1m[34mSELECT "active_storage_blobs".* FROM "active_storage_blobs" WHERE "active_storage_blobs"."id" = ? LIMIT ?[0m  [["id", 4], ["LIMIT", 1]]
  ↳ app/views/products/index.html.erb:23
  [1m[36mActiveStorage::Attachment Load (0.2ms)[0m  [1m[34mSELECT "active_storage_attachments".* FROM "active_storage_attachments" WHERE "active_storage_attachments"."record_id" = ? AND "active_storage_attachments"."record_type" = ? AND "active_storage_attachments"."name" = ? LIMIT ?[0m  [["record_id", 3], ["record_type", "Product"], ["name", "image"], ["LIMIT", 1]]
  ↳ app/views/products/index.html.erb:23
  [1m[36mActiveStorage::Blob Load (0.1ms)[0m  [1m[34mSELECT "active_storage_blobs".* FROM "active_storage_blobs" WHERE "active_storage_blobs"."id" = ? LIMIT ?[0m  [["id", 3], ["LIMIT", 1]]
  ↳ app/views/products/index.html.erb:23
  [1m[36mActiveStorage::Attachment Load (0.2ms)[0m  [1m[34mSELECT "active_storage_attachments".* FROM "active_storage_attachments" WHERE "active_storage_attachments"."record_id" = ? AND "active_storage_attachments"."record_type" = ? AND "active_storage_attachments"."name" = ? LIMIT ?[0m  [["record_id", 2], ["record_type", "Product"], ["name", "image"], ["LIMIT", 1]]
  ↳ app/views/products/index.html.erb:23
  [1m[36mActiveStorage::Blob Load (0.2ms)[0m  [1m[34mSELECT "active_storage_blobs".* FROM "active_storage_blobs" WHERE "active_storage_blobs"."id" = ? LIMIT ?[0m  [["id", 2], ["LIMIT", 1]]
  ↳ app/views/products/index.html.erb:23
  [1m[35m (0.3ms)[0m  [1m[34mSELECT COUNT(*) FROM "products" WHERE (title  LIKE '%%')[0m
  ↳ app/views/products/index.html.erb:35
  Rendered products/index.html.erb within layouts/application (Duration: 37.7ms | Allocations: 9072)
[Webpacker] Everything's up-to-date. Nothing to do
  Rendered home/_header.html.erb (Duration: 0.4ms | Allocations: 217)
  Rendered layout layouts/application.html.erb (Duration: 44.1ms | Allocations: 12302)
Completed 200 OK in 46ms (Views: 43.2ms | ActiveRecord: 1.7ms | Allocations: 12895)


Started GET "/rails/active_storage/disk/eyJfcmFpbHMiOnsibWVzc2FnZSI6IkJBaDdDVG9JYTJWNVNTSWhZV3RoWkhkNGR6SjBjWFkwWW5Od2EyUnJhelV5Wlc1NFltSXllQVk2QmtWVU9oQmthWE53YjNOcGRHbHZia2tpUTJsdWJHbHVaVHNnWm1sc1pXNWhiV1U5SW5Ob2IzQndhVzVuTG5CdVp5STdJR1pwYkdWdVlXMWxLajFWVkVZdE9DY25jMmh2Y0hCcGJtY3VjRzVuQmpzR1ZEb1JZMjl1ZEdWdWRGOTBlWEJsU1NJT2FXMWhaMlV2Y0c1bkJqc0dWRG9SYzJWeWRtbGpaVjl1WVcxbE9ncHNiMk5oYkE9PSIsImV4cCI6IjIwMjEtMTEtMTVUMDk6NDI6MDcuODYwWiIsInB1ciI6ImJsb2Jfa2V5In19--0c22e245cae2cf46d1a5d81a415e44df3f658055/shopping.png" for 127.0.0.1 at 2021-11-15 16:39:45 +0700
Started GET "/rails/active_storage/disk/eyJfcmFpbHMiOnsibWVzc2FnZSI6IkJBaDdDVG9JYTJWNVNTSWhlR05sT1hodmFURXpaVzh4ZHpWdmMyRmhjSEl3ZFhCc2FuZHdNUVk2QmtWVU9oQmthWE53YjNOcGRHbHZia2tpT1dsdWJHbHVaVHNnWm1sc1pXNWhiV1U5SW1sd0xtcHdaV2NpT3lCbWFXeGxibUZ0WlNvOVZWUkdMVGduSjJsd0xtcHdaV2NHT3daVU9oRmpiMjUwWlc1MFgzUjVjR1ZKSWc5cGJXRm5aUzlxY0dWbkJqc0dWRG9SYzJWeWRtbGpaVjl1WVcxbE9ncHNiMk5oYkE9PSIsImV4cCI6IjIwMjEtMTEtMTVUMDk6NDE6MzcuNTk4WiIsInB1ciI6ImJsb2Jfa2V5In19--117d247c6c2d92cedc4ebb32f784d36f3c80990a/ip.jpeg" for 127.0.0.1 at 2021-11-15 16:39:45 +0700
Started GET "/rails/active_storage/disk/eyJfcmFpbHMiOnsibWVzc2FnZSI6IkJBaDdDVG9JYTJWNVNTSWhNMkZrY0RZNU9UUnFOVFoxYnpSc2FqSXlaMk0xYzNReGVtcHJOZ1k2QmtWVU9oQmthWE53YjNOcGRHbHZia2tpUldsdWJHbHVaVHNnWm1sc1pXNWhiV1U5SW1SdmQyNXNiMkZrTG1wd1pXY2lPeUJtYVd4bGJtRnRaU285VlZSR0xUZ25KMlJ2ZDI1c2IyRmtMbXB3WldjR093WlVPaEZqYjI1MFpXNTBYM1I1Y0dWSklnOXBiV0ZuWlM5cWNHVm5CanNHVkRvUmMyVnlkbWxqWlY5dVlXMWxPZ3BzYjJOaGJBPT0iLCJleHAiOiIyMDIxLTExLTE1VDA5OjQxOjAzLjIzN1oiLCJwdXIiOiJibG9iX2tleSJ9fQ==--7f84a914aba7e5ea605323016b930805e9e36924/download.jpeg" for 127.0.0.1 at 2021-11-15 16:39:45 +0700
Processing by ActiveStorage::DiskController#show as JPEG
  Parameters: {"encoded_key"=>"[FILTERED]", "filename"=>"ip"}
Completed 200 OK in 1ms (ActiveRecord: 0.0ms | Allocations: 313)


Processing by ActiveStorage::DiskController#show as PNG
  Parameters: {"encoded_key"=>"[FILTERED]", "filename"=>"shopping"}
Processing by ActiveStorage::DiskController#show as JPEG
Completed 200 OK in 4ms (ActiveRecord: 0.0ms | Allocations: 1808)


  Parameters: {"encoded_key"=>"[FILTERED]", "filename"=>"download"}
Completed 200 OK in 2ms (ActiveRecord: 0.0ms | Allocations: 729)


Started GET "/rails/active_storage/disk/eyJfcmFpbHMiOnsibWVzc2FnZSI6IkJBaDdDVG9JYTJWNVNTSWhhelEwWW1sNU1IZzNiWFF5YzJNMmJ6WnhjMlpzZVROeFptVnJOZ1k2QmtWVU9oQmthWE53YjNOcGRHbHZia2tpT1dsdWJHbHVaVHNnWm1sc1pXNWhiV1U5SW5ObExtcHdaV2NpT3lCbWFXeGxibUZ0WlNvOVZWUkdMVGduSjNObExtcHdaV2NHT3daVU9oRmpiMjUwWlc1MFgzUjVjR1ZKSWc5cGJXRm5aUzlxY0dWbkJqc0dWRG9SYzJWeWRtbGpaVjl1WVcxbE9ncHNiMk5oYkE9PSIsImV4cCI6IjIwMjEtMTEtMTVUMDk6NDA6MzcuMDQ1WiIsInB1ciI6ImJsb2Jfa2V5In19--625b30baa4701455be0ef623054e1ae9f6e96067/se.jpeg" for 127.0.0.1 at 2021-11-15 16:39:45 +0700
Processing by ActiveStorage::DiskController#show as JPEG
  Parameters: {"encoded_key"=>"[FILTERED]", "filename"=>"se"}
Completed 200 OK in 1ms (ActiveRecord: 0.0ms | Allocations: 313)


